#
# There is insufficient memory for the Java Runtime Environment to continue.
# Native memory allocation (malloc) failed to allocate 32784 bytes for Chunk::new
# Possible reasons:
#   The system is out of physical RAM or swap space
#   The process is running with CompressedOops enabled, and the Java Heap may be blocking the growth of the native heap
# Possible solutions:
#   Reduce memory load on the system
#   Increase physical memory or swap space
#   Check if swap backing store is full
#   Decrease Java heap size (-Xmx/-Xms)
#   Decrease number of Java threads
#   Decrease Java thread stack sizes (-Xss)
#   Set larger code cache with -XX:ReservedCodeCacheSize=
#   JVM is running with Zero Based Compressed Oops mode in which the Java heap is
#     placed in the first 32GB address space. The Java Heap base address is the
#     maximum limit for the native heap growth. Please use -XX:HeapBaseMinAddress
#     to set the Java Heap base and to place the Java Heap above 32GB virtual address.
# This output file may be truncated or incomplete.
#
#  Out of Memory Error (arena.cpp:189), pid=6088, tid=7124
#
# JRE version: Java(TM) SE Runtime Environment (17.0.2+8) (build 17.0.2+8-LTS-86)
# Java VM: Java HotSpot(TM) 64-Bit Server VM (17.0.2+8-LTS-86, mixed mode, sharing, tiered, compressed oops, compressed class ptrs, g1 gc, windows-amd64)
# No core dump will be written. Minidumps are not enabled by default on client versions of Windows
#

---------------  S U M M A R Y ------------

Command Line: -javaagent:C:\Program Files\JetBrains\IntelliJ IDEA Community Edition 2021.2.1\lib\idea_rt.jar=50676:C:\Program Files\JetBrains\IntelliJ IDEA Community Edition 2021.2.1\bin -Dfile.encoding=UTF-8 com.digitalbooking.demo.DemoApplication xms 1g

Host: Intel(R) Core(TM) i5-6600K CPU @ 3.50GHz, 4 cores, 15G,  Windows 10 , 64 bit Build 19041 (10.0.19041.1741)
Time: Thu Jun 30 14:52:47 2022 Hora estándar de Argentina elapsed time: 2.684047 seconds (0d 0h 0m 2s)

---------------  T H R E A D  ---------------

Current thread (0x0000029cf5238ea0):  JavaThread "C2 CompilerThread1" daemon [_thread_in_native, id=7124, stack(0x000000c9e5c00000,0x000000c9e5d00000)]


Current CompileTask:
C2:   2684 2392   !   4       jdk.internal.loader.BuiltinClassLoader::loadClassOrNull (143 bytes)

Stack: [0x000000c9e5c00000,0x000000c9e5d00000]
Native frames: (J=compiled Java code, j=interpreted, Vv=VM code, C=native code)
V  [jvm.dll+0x670baa]
V  [jvm.dll+0x7cfcb4]
V  [jvm.dll+0x7d145e]
V  [jvm.dll+0x7d1ac3]
V  [jvm.dll+0x242bc5]
V  [jvm.dll+0xaa57b]
V  [jvm.dll+0xaab0c]
V  [jvm.dll+0x695af2]
V  [jvm.dll+0x695f33]
V  [jvm.dll+0x697644]
V  [jvm.dll+0x346aa9]
V  [jvm.dll+0x2a8003]
V  [jvm.dll+0x6807e3]
V  [jvm.dll+0x680f73]
V  [jvm.dll+0x6805a7]
V  [jvm.dll+0x67e4a2]
V  [jvm.dll+0x1a4d2c]
V  [jvm.dll+0x1a58f6]
V  [jvm.dll+0x1a58f6]
V  [jvm.dll+0x1a5838]
V  [jvm.dll+0x2a8af4]
V  [jvm.dll+0x688f6b]
V  [jvm.dll+0x680f6b]
V  [jvm.dll+0x6805a7]
V  [jvm.dll+0x67e4a2]
V  [jvm.dll+0x1a4d2c]
V  [jvm.dll+0x1a58f6]
V  [jvm.dll+0x2a8af4]
V  [jvm.dll+0x688f6b]
V  [jvm.dll+0x680f6b]
V  [jvm.dll+0x6805a7]
V  [jvm.dll+0x67e4a2]
V  [jvm.dll+0x1a4d2c]
V  [jvm.dll+0x214c78]
V  [jvm.dll+0x1a1bbd]
V  [jvm.dll+0x224908]
V  [jvm.dll+0x222a6c]
V  [jvm.dll+0x7859bb]
V  [jvm.dll+0x77ff7a]
V  [jvm.dll+0x66fa35]
C  [ucrtbase.dll+0x21bb2]
C  [KERNEL32.DLL+0x17034]
C  [ntdll.dll+0x52651]


---------------  P R O C E S S  ---------------

Threads class SMR info:
_java_thread_list=0x0000029cf53c82f0, length=14, elements={
0x0000029cd123b710, 0x0000029cf36fe440, 0x0000029cf36feff0, 0x0000029cf370f940,
0x0000029cf3712400, 0x0000029cf3712db0, 0x0000029cf3713760, 0x0000029cf3716500,
0x0000029cf3737ee0, 0x0000029cf375e840, 0x0000029cf36e7bd0, 0x0000029cf43dc1d0,
0x0000029cf4517e30, 0x0000029cf5238ea0
}

Java Threads: ( => current thread )
  0x0000029cd123b710 JavaThread "main" [_thread_in_vm, id=11836, stack(0x000000c9e4400000,0x000000c9e4500000)]
  0x0000029cf36fe440 JavaThread "Reference Handler" daemon [_thread_blocked, id=6872, stack(0x000000c9e4b00000,0x000000c9e4c00000)]
  0x0000029cf36feff0 JavaThread "Finalizer" daemon [_thread_blocked, id=13676, stack(0x000000c9e4c00000,0x000000c9e4d00000)]
  0x0000029cf370f940 JavaThread "Signal Dispatcher" daemon [_thread_blocked, id=11940, stack(0x000000c9e4d00000,0x000000c9e4e00000)]
  0x0000029cf3712400 JavaThread "Attach Listener" daemon [_thread_blocked, id=11952, stack(0x000000c9e4e00000,0x000000c9e4f00000)]
  0x0000029cf3712db0 JavaThread "Service Thread" daemon [_thread_blocked, id=556, stack(0x000000c9e4f00000,0x000000c9e5000000)]
  0x0000029cf3713760 JavaThread "Monitor Deflation Thread" daemon [_thread_blocked, id=12208, stack(0x000000c9e5000000,0x000000c9e5100000)]
  0x0000029cf3716500 JavaThread "C2 CompilerThread0" daemon [_thread_in_native, id=11064, stack(0x000000c9e5100000,0x000000c9e5200000)]
  0x0000029cf3737ee0 JavaThread "C1 CompilerThread0" daemon [_thread_in_native, id=10220, stack(0x000000c9e5200000,0x000000c9e5300000)]
  0x0000029cf375e840 JavaThread "Sweeper thread" daemon [_thread_blocked, id=15244, stack(0x000000c9e5300000,0x000000c9e5400000)]
  0x0000029cf36e7bd0 JavaThread "Common-Cleaner" daemon [_thread_blocked, id=15804, stack(0x000000c9e5400000,0x000000c9e5500000)]
  0x0000029cf43dc1d0 JavaThread "Monitor Ctrl-Break" daemon [_thread_in_native, id=916, stack(0x000000c9e5500000,0x000000c9e5600000)]
  0x0000029cf4517e30 JavaThread "Notification Thread" daemon [_thread_blocked, id=13792, stack(0x000000c9e5600000,0x000000c9e5700000)]
=>0x0000029cf5238ea0 JavaThread "C2 CompilerThread1" daemon [_thread_in_native, id=7124, stack(0x000000c9e5c00000,0x000000c9e5d00000)]

Other Threads:
  0x0000029cf36f7930 VMThread "VM Thread" [stack: 0x000000c9e4a00000,0x000000c9e4b00000] [id=15928]
  0x0000029cf43dc6a0 WatcherThread [stack: 0x000000c9e5700000,0x000000c9e5800000] [id=9692]
  0x0000029cd128a720 GCTaskThread "GC Thread#0" [stack: 0x000000c9e4500000,0x000000c9e4600000] [id=15632]
  0x0000029cf4a6dc30 GCTaskThread "GC Thread#1" [stack: 0x000000c9e5900000,0x000000c9e5a00000] [id=8756]
  0x0000029cf4fe8010 GCTaskThread "GC Thread#2" [stack: 0x000000c9e5a00000,0x000000c9e5b00000] [id=1672]
  0x0000029cf4fe82c0 GCTaskThread "GC Thread#3" [stack: 0x000000c9e5b00000,0x000000c9e5c00000] [id=1396]
  0x0000029cd129b5a0 ConcurrentGCThread "G1 Main Marker" [stack: 0x000000c9e4600000,0x000000c9e4700000] [id=11092]
  0x0000029cd129bfb0 ConcurrentGCThread "G1 Conc#0" [stack: 0x000000c9e4700000,0x000000c9e4800000] [id=8284]
  0x0000029cf35c24c0 ConcurrentGCThread "G1 Refine#0" [stack: 0x000000c9e4800000,0x000000c9e4900000] [id=4872]
  0x0000029cf35c2ee0 ConcurrentGCThread "G1 Service" [stack: 0x000000c9e4900000,0x000000c9e4a00000] [id=11040]

Threads with active compile tasks:
C2 CompilerThread0     2738 2393   !   4       jdk.internal.loader.URLClassPath$JarLoader::getResource (354 bytes)
C2 CompilerThread1     2738 2392   !   4       jdk.internal.loader.BuiltinClassLoader::loadClassOrNull (143 bytes)

VM state: not at safepoint (normal execution)

VM Mutex/Monitor currently owned by a thread: None

Heap address: 0x0000000700c00000, size: 4084 MB, Compressed Oops mode: Zero based, Oop shift amount: 3

CDS archive(s) mapped at: [0x0000000800000000-0x0000000800bc0000-0x0000000800bc0000), size 12320768, SharedBaseAddress: 0x0000000800000000, ArchiveRelocationMode: 0.
Compressed class space mapped at: 0x0000000800c00000-0x0000000840c00000, reserved size: 1073741824
Narrow klass base: 0x0000000800000000, Narrow klass shift: 0, Narrow klass range: 0x100000000

GC Precious Log:
 CPUs: 4 total, 4 available
 Memory: 16333M
 Large Page Support: Disabled
 NUMA Support: Disabled
 Compressed Oops: Enabled (Zero based)
 Heap Region Size: 2M
 Heap Min Capacity: 8M
 Heap Initial Capacity: 256M
 Heap Max Capacity: 4084M
 Pre-touch: Disabled
 Parallel Workers: 4
 Concurrent Workers: 1
 Concurrent Refinement Workers: 4
 Periodic GC: Disabled

Heap:
 garbage-first heap   total 262144K, used 49422K [0x0000000700c00000, 0x0000000800000000)
  region size 2048K, 24 young (49152K), 2 survivors (4096K)
 Metaspace       used 20038K, committed 20288K, reserved 1073152K
  class space    used 2563K, committed 2688K, reserved 1048576K

Heap Regions: E=young(eden), S=young(survivor), O=old, HS=humongous(starts), HC=humongous(continues), CS=collection set, F=free, OA=open archive, CA=closed archive, TAMS=top-at-mark-start (previous, next)
|   0|0x0000000700c00000, 0x0000000700e00000, 0x0000000700e00000|100%| O|  |TAMS 0x0000000700c00000, 0x0000000700c00000| Untracked 
|   1|0x0000000700e00000, 0x0000000701000000, 0x0000000701000000|100%| O|  |TAMS 0x0000000700e00000, 0x0000000700e00000| Untracked 
|   2|0x0000000701000000, 0x00000007011f8200, 0x0000000701200000| 98%| O|  |TAMS 0x0000000701000000, 0x0000000701000000| Untracked 
|   3|0x0000000701200000, 0x0000000701200000, 0x0000000701400000|  0%| F|  |TAMS 0x0000000701200000, 0x0000000701200000| Untracked 
|   4|0x0000000701400000, 0x0000000701400000, 0x0000000701600000|  0%| F|  |TAMS 0x0000000701400000, 0x0000000701400000| Untracked 
|   5|0x0000000701600000, 0x0000000701600000, 0x0000000701800000|  0%| F|  |TAMS 0x0000000701600000, 0x0000000701600000| Untracked 
|   6|0x0000000701800000, 0x0000000701800000, 0x0000000701a00000|  0%| F|  |TAMS 0x0000000701800000, 0x0000000701800000| Untracked 
|   7|0x0000000701a00000, 0x0000000701a00000, 0x0000000701c00000|  0%| F|  |TAMS 0x0000000701a00000, 0x0000000701a00000| Untracked 
|   8|0x0000000701c00000, 0x0000000701c00000, 0x0000000701e00000|  0%| F|  |TAMS 0x0000000701c00000, 0x0000000701c00000| Untracked 
|   9|0x0000000701e00000, 0x0000000701e00000, 0x0000000702000000|  0%| F|  |TAMS 0x0000000701e00000, 0x0000000701e00000| Untracked 
|  10|0x0000000702000000, 0x0000000702000000, 0x0000000702200000|  0%| F|  |TAMS 0x0000000702000000, 0x0000000702000000| Untracked 
|  11|0x0000000702200000, 0x0000000702200000, 0x0000000702400000|  0%| F|  |TAMS 0x0000000702200000, 0x0000000702200000| Untracked 
|  12|0x0000000702400000, 0x0000000702400000, 0x0000000702600000|  0%| F|  |TAMS 0x0000000702400000, 0x0000000702400000| Untracked 
|  13|0x0000000702600000, 0x0000000702600000, 0x0000000702800000|  0%| F|  |TAMS 0x0000000702600000, 0x0000000702600000| Untracked 
|  14|0x0000000702800000, 0x0000000702800000, 0x0000000702a00000|  0%| F|  |TAMS 0x0000000702800000, 0x0000000702800000| Untracked 
|  15|0x0000000702a00000, 0x0000000702a00000, 0x0000000702c00000|  0%| F|  |TAMS 0x0000000702a00000, 0x0000000702a00000| Untracked 
|  16|0x0000000702c00000, 0x0000000702c00000, 0x0000000702e00000|  0%| F|  |TAMS 0x0000000702c00000, 0x0000000702c00000| Untracked 
|  17|0x0000000702e00000, 0x0000000702e00000, 0x0000000703000000|  0%| F|  |TAMS 0x0000000702e00000, 0x0000000702e00000| Untracked 
|  18|0x0000000703000000, 0x0000000703000000, 0x0000000703200000|  0%| F|  |TAMS 0x0000000703000000, 0x0000000703000000| Untracked 
|  19|0x0000000703200000, 0x0000000703200000, 0x0000000703400000|  0%| F|  |TAMS 0x0000000703200000, 0x0000000703200000| Untracked 
|  20|0x0000000703400000, 0x0000000703400000, 0x0000000703600000|  0%| F|  |TAMS 0x0000000703400000, 0x0000000703400000| Untracked 
|  21|0x0000000703600000, 0x0000000703600000, 0x0000000703800000|  0%| F|  |TAMS 0x0000000703600000, 0x0000000703600000| Untracked 
|  22|0x0000000703800000, 0x0000000703800000, 0x0000000703a00000|  0%| F|  |TAMS 0x0000000703800000, 0x0000000703800000| Untracked 
|  23|0x0000000703a00000, 0x0000000703a00000, 0x0000000703c00000|  0%| F|  |TAMS 0x0000000703a00000, 0x0000000703a00000| Untracked 
|  24|0x0000000703c00000, 0x0000000703c00000, 0x0000000703e00000|  0%| F|  |TAMS 0x0000000703c00000, 0x0000000703c00000| Untracked 
|  25|0x0000000703e00000, 0x0000000703e00000, 0x0000000704000000|  0%| F|  |TAMS 0x0000000703e00000, 0x0000000703e00000| Untracked 
|  26|0x0000000704000000, 0x0000000704000000, 0x0000000704200000|  0%| F|  |TAMS 0x0000000704000000, 0x0000000704000000| Untracked 
|  27|0x0000000704200000, 0x0000000704200000, 0x0000000704400000|  0%| F|  |TAMS 0x0000000704200000, 0x0000000704200000| Untracked 
|  28|0x0000000704400000, 0x0000000704400000, 0x0000000704600000|  0%| F|  |TAMS 0x0000000704400000, 0x0000000704400000| Untracked 
|  29|0x0000000704600000, 0x0000000704600000, 0x0000000704800000|  0%| F|  |TAMS 0x0000000704600000, 0x0000000704600000| Untracked 
|  30|0x0000000704800000, 0x0000000704800000, 0x0000000704a00000|  0%| F|  |TAMS 0x0000000704800000, 0x0000000704800000| Untracked 
|  31|0x0000000704a00000, 0x0000000704a00000, 0x0000000704c00000|  0%| F|  |TAMS 0x0000000704a00000, 0x0000000704a00000| Untracked 
|  32|0x0000000704c00000, 0x0000000704c00000, 0x0000000704e00000|  0%| F|  |TAMS 0x0000000704c00000, 0x0000000704c00000| Untracked 
|  33|0x0000000704e00000, 0x0000000704e00000, 0x0000000705000000|  0%| F|  |TAMS 0x0000000704e00000, 0x0000000704e00000| Untracked 
|  34|0x0000000705000000, 0x0000000705000000, 0x0000000705200000|  0%| F|  |TAMS 0x0000000705000000, 0x0000000705000000| Untracked 
|  35|0x0000000705200000, 0x0000000705200000, 0x0000000705400000|  0%| F|  |TAMS 0x0000000705200000, 0x0000000705200000| Untracked 
|  36|0x0000000705400000, 0x0000000705400000, 0x0000000705600000|  0%| F|  |TAMS 0x0000000705400000, 0x0000000705400000| Untracked 
|  37|0x0000000705600000, 0x0000000705600000, 0x0000000705800000|  0%| F|  |TAMS 0x0000000705600000, 0x0000000705600000| Untracked 
|  38|0x0000000705800000, 0x0000000705800000, 0x0000000705a00000|  0%| F|  |TAMS 0x0000000705800000, 0x0000000705800000| Untracked 
|  39|0x0000000705a00000, 0x0000000705a00000, 0x0000000705c00000|  0%| F|  |TAMS 0x0000000705a00000, 0x0000000705a00000| Untracked 
|  40|0x0000000705c00000, 0x0000000705c00000, 0x0000000705e00000|  0%| F|  |TAMS 0x0000000705c00000, 0x0000000705c00000| Untracked 
|  41|0x0000000705e00000, 0x0000000705e00000, 0x0000000706000000|  0%| F|  |TAMS 0x0000000705e00000, 0x0000000705e00000| Untracked 
|  42|0x0000000706000000, 0x0000000706000000, 0x0000000706200000|  0%| F|  |TAMS 0x0000000706000000, 0x0000000706000000| Untracked 
|  43|0x0000000706200000, 0x0000000706200000, 0x0000000706400000|  0%| F|  |TAMS 0x0000000706200000, 0x0000000706200000| Untracked 
|  44|0x0000000706400000, 0x0000000706400000, 0x0000000706600000|  0%| F|  |TAMS 0x0000000706400000, 0x0000000706400000| Untracked 
|  45|0x0000000706600000, 0x0000000706600000, 0x0000000706800000|  0%| F|  |TAMS 0x0000000706600000, 0x0000000706600000| Untracked 
|  46|0x0000000706800000, 0x0000000706800000, 0x0000000706a00000|  0%| F|  |TAMS 0x0000000706800000, 0x0000000706800000| Untracked 
|  47|0x0000000706a00000, 0x0000000706a00000, 0x0000000706c00000|  0%| F|  |TAMS 0x0000000706a00000, 0x0000000706a00000| Untracked 
|  48|0x0000000706c00000, 0x0000000706c00000, 0x0000000706e00000|  0%| F|  |TAMS 0x0000000706c00000, 0x0000000706c00000| Untracked 
|  49|0x0000000706e00000, 0x0000000706e00000, 0x0000000707000000|  0%| F|  |TAMS 0x0000000706e00000, 0x0000000706e00000| Untracked 
|  50|0x0000000707000000, 0x0000000707000000, 0x0000000707200000|  0%| F|  |TAMS 0x0000000707000000, 0x0000000707000000| Untracked 
|  51|0x0000000707200000, 0x0000000707200000, 0x0000000707400000|  0%| F|  |TAMS 0x0000000707200000, 0x0000000707200000| Untracked 
|  52|0x0000000707400000, 0x0000000707400000, 0x0000000707600000|  0%| F|  |TAMS 0x0000000707400000, 0x0000000707400000| Untracked 
|  53|0x0000000707600000, 0x0000000707600000, 0x0000000707800000|  0%| F|  |TAMS 0x0000000707600000, 0x0000000707600000| Untracked 
|  54|0x0000000707800000, 0x0000000707800000, 0x0000000707a00000|  0%| F|  |TAMS 0x0000000707800000, 0x0000000707800000| Untracked 
|  55|0x0000000707a00000, 0x0000000707a00000, 0x0000000707c00000|  0%| F|  |TAMS 0x0000000707a00000, 0x0000000707a00000| Untracked 
|  56|0x0000000707c00000, 0x0000000707c00000, 0x0000000707e00000|  0%| F|  |TAMS 0x0000000707c00000, 0x0000000707c00000| Untracked 
|  57|0x0000000707e00000, 0x0000000707e00000, 0x0000000708000000|  0%| F|  |TAMS 0x0000000707e00000, 0x0000000707e00000| Untracked 
|  58|0x0000000708000000, 0x0000000708000000, 0x0000000708200000|  0%| F|  |TAMS 0x0000000708000000, 0x0000000708000000| Untracked 
|  59|0x0000000708200000, 0x0000000708200000, 0x0000000708400000|  0%| F|  |TAMS 0x0000000708200000, 0x0000000708200000| Untracked 
|  60|0x0000000708400000, 0x0000000708400000, 0x0000000708600000|  0%| F|  |TAMS 0x0000000708400000, 0x0000000708400000| Untracked 
|  61|0x0000000708600000, 0x0000000708600000, 0x0000000708800000|  0%| F|  |TAMS 0x0000000708600000, 0x0000000708600000| Untracked 
|  62|0x0000000708800000, 0x0000000708800000, 0x0000000708a00000|  0%| F|  |TAMS 0x0000000708800000, 0x0000000708800000| Untracked 
|  63|0x0000000708a00000, 0x0000000708a00000, 0x0000000708c00000|  0%| F|  |TAMS 0x0000000708a00000, 0x0000000708a00000| Untracked 
|  64|0x0000000708c00000, 0x0000000708c00000, 0x0000000708e00000|  0%| F|  |TAMS 0x0000000708c00000, 0x0000000708c00000| Untracked 
|  65|0x0000000708e00000, 0x0000000708e00000, 0x0000000709000000|  0%| F|  |TAMS 0x0000000708e00000, 0x0000000708e00000| Untracked 
|  66|0x0000000709000000, 0x0000000709000000, 0x0000000709200000|  0%| F|  |TAMS 0x0000000709000000, 0x0000000709000000| Untracked 
|  67|0x0000000709200000, 0x0000000709200000, 0x0000000709400000|  0%| F|  |TAMS 0x0000000709200000, 0x0000000709200000| Untracked 
|  68|0x0000000709400000, 0x0000000709400000, 0x0000000709600000|  0%| F|  |TAMS 0x0000000709400000, 0x0000000709400000| Untracked 
|  69|0x0000000709600000, 0x0000000709600000, 0x0000000709800000|  0%| F|  |TAMS 0x0000000709600000, 0x0000000709600000| Untracked 
|  70|0x0000000709800000, 0x0000000709800000, 0x0000000709a00000|  0%| F|  |TAMS 0x0000000709800000, 0x0000000709800000| Untracked 
|  71|0x0000000709a00000, 0x0000000709a00000, 0x0000000709c00000|  0%| F|  |TAMS 0x0000000709a00000, 0x0000000709a00000| Untracked 
|  72|0x0000000709c00000, 0x0000000709c00000, 0x0000000709e00000|  0%| F|  |TAMS 0x0000000709c00000, 0x0000000709c00000| Untracked 
|  73|0x0000000709e00000, 0x0000000709e00000, 0x000000070a000000|  0%| F|  |TAMS 0x0000000709e00000, 0x0000000709e00000| Untracked 
|  74|0x000000070a000000, 0x000000070a000000, 0x000000070a200000|  0%| F|  |TAMS 0x000000070a000000, 0x000000070a000000| Untracked 
|  75|0x000000070a200000, 0x000000070a200000, 0x000000070a400000|  0%| F|  |TAMS 0x000000070a200000, 0x000000070a200000| Untracked 
|  76|0x000000070a400000, 0x000000070a400000, 0x000000070a600000|  0%| F|  |TAMS 0x000000070a400000, 0x000000070a400000| Untracked 
|  77|0x000000070a600000, 0x000000070a600000, 0x000000070a800000|  0%| F|  |TAMS 0x000000070a600000, 0x000000070a600000| Untracked 
|  78|0x000000070a800000, 0x000000070a800000, 0x000000070aa00000|  0%| F|  |TAMS 0x000000070a800000, 0x000000070a800000| Untracked 
|  79|0x000000070aa00000, 0x000000070aa00000, 0x000000070ac00000|  0%| F|  |TAMS 0x000000070aa00000, 0x000000070aa00000| Untracked 
|  80|0x000000070ac00000, 0x000000070ac00000, 0x000000070ae00000|  0%| F|  |TAMS 0x000000070ac00000, 0x000000070ac00000| Untracked 
|  81|0x000000070ae00000, 0x000000070ae00000, 0x000000070b000000|  0%| F|  |TAMS 0x000000070ae00000, 0x000000070ae00000| Untracked 
|  82|0x000000070b000000, 0x000000070b000000, 0x000000070b200000|  0%| F|  |TAMS 0x000000070b000000, 0x000000070b000000| Untracked 
|  83|0x000000070b200000, 0x000000070b200000, 0x000000070b400000|  0%| F|  |TAMS 0x000000070b200000, 0x000000070b200000| Untracked 
|  84|0x000000070b400000, 0x000000070b400000, 0x000000070b600000|  0%| F|  |TAMS 0x000000070b400000, 0x000000070b400000| Untracked 
|  85|0x000000070b600000, 0x000000070b600000, 0x000000070b800000|  0%| F|  |TAMS 0x000000070b600000, 0x000000070b600000| Untracked 
|  86|0x000000070b800000, 0x000000070b800000, 0x000000070ba00000|  0%| F|  |TAMS 0x000000070b800000, 0x000000070b800000| Untracked 
|  87|0x000000070ba00000, 0x000000070ba00000, 0x000000070bc00000|  0%| F|  |TAMS 0x000000070ba00000, 0x000000070ba00000| Untracked 
|  88|0x000000070bc00000, 0x000000070bc00000, 0x000000070be00000|  0%| F|  |TAMS 0x000000070bc00000, 0x000000070bc00000| Untracked 
|  89|0x000000070be00000, 0x000000070be00000, 0x000000070c000000|  0%| F|  |TAMS 0x000000070be00000, 0x000000070be00000| Untracked 
|  90|0x000000070c000000, 0x000000070c000000, 0x000000070c200000|  0%| F|  |TAMS 0x000000070c000000, 0x000000070c000000| Untracked 
|  91|0x000000070c200000, 0x000000070c200000, 0x000000070c400000|  0%| F|  |TAMS 0x000000070c200000, 0x000000070c200000| Untracked 
|  92|0x000000070c400000, 0x000000070c400000, 0x000000070c600000|  0%| F|  |TAMS 0x000000070c400000, 0x000000070c400000| Untracked 
|  93|0x000000070c600000, 0x000000070c600000, 0x000000070c800000|  0%| F|  |TAMS 0x000000070c600000, 0x000000070c600000| Untracked 
|  94|0x000000070c800000, 0x000000070c800000, 0x000000070ca00000|  0%| F|  |TAMS 0x000000070c800000, 0x000000070c800000| Untracked 
|  95|0x000000070ca00000, 0x000000070ca00000, 0x000000070cc00000|  0%| F|  |TAMS 0x000000070ca00000, 0x000000070ca00000| Untracked 
|  96|0x000000070cc00000, 0x000000070cc00000, 0x000000070ce00000|  0%| F|  |TAMS 0x000000070cc00000, 0x000000070cc00000| Untracked 
|  97|0x000000070ce00000, 0x000000070ce00000, 0x000000070d000000|  0%| F|  |TAMS 0x000000070ce00000, 0x000000070ce00000| Untracked 
|  98|0x000000070d000000, 0x000000070d000000, 0x000000070d200000|  0%| F|  |TAMS 0x000000070d000000, 0x000000070d000000| Untracked 
|  99|0x000000070d200000, 0x000000070d200000, 0x000000070d400000|  0%| F|  |TAMS 0x000000070d200000, 0x000000070d200000| Untracked 
| 100|0x000000070d400000, 0x000000070d400000, 0x000000070d600000|  0%| F|  |TAMS 0x000000070d400000, 0x000000070d400000| Untracked 
| 101|0x000000070d600000, 0x000000070d600000, 0x000000070d800000|  0%| F|  |TAMS 0x000000070d600000, 0x000000070d600000| Untracked 
| 102|0x000000070d800000, 0x000000070d800000, 0x000000070da00000|  0%| F|  |TAMS 0x000000070d800000, 0x000000070d800000| Untracked 
| 103|0x000000070da00000, 0x000000070da00000, 0x000000070dc00000|  0%| F|  |TAMS 0x000000070da00000, 0x000000070da00000| Untracked 
| 104|0x000000070dc00000, 0x000000070de00000, 0x000000070de00000|100%| E|  |TAMS 0x000000070dc00000, 0x000000070dc00000| Complete 
| 105|0x000000070de00000, 0x000000070e000000, 0x000000070e000000|100%| E|CS|TAMS 0x000000070de00000, 0x000000070de00000| Complete 
| 106|0x000000070e000000, 0x000000070e200000, 0x000000070e200000|100%| E|CS|TAMS 0x000000070e000000, 0x000000070e000000| Complete 
| 107|0x000000070e200000, 0x000000070e400000, 0x000000070e400000|100%| E|CS|TAMS 0x000000070e200000, 0x000000070e200000| Complete 
| 108|0x000000070e400000, 0x000000070e600000, 0x000000070e600000|100%| E|  |TAMS 0x000000070e400000, 0x000000070e400000| Complete 
| 109|0x000000070e600000, 0x000000070e800000, 0x000000070e800000|100%| E|CS|TAMS 0x000000070e600000, 0x000000070e600000| Complete 
| 110|0x000000070e800000, 0x000000070ea00000, 0x000000070ea00000|100%| E|CS|TAMS 0x000000070e800000, 0x000000070e800000| Complete 
| 111|0x000000070ea00000, 0x000000070ec00000, 0x000000070ec00000|100%| E|CS|TAMS 0x000000070ea00000, 0x000000070ea00000| Complete 
| 112|0x000000070ec00000, 0x000000070ee00000, 0x000000070ee00000|100%| E|CS|TAMS 0x000000070ec00000, 0x000000070ec00000| Complete 
| 113|0x000000070ee00000, 0x000000070f000000, 0x000000070f000000|100%| E|CS|TAMS 0x000000070ee00000, 0x000000070ee00000| Complete 
| 114|0x000000070f000000, 0x000000070f04b8c8, 0x000000070f200000| 14%| S|CS|TAMS 0x000000070f000000, 0x000000070f000000| Complete 
| 115|0x000000070f200000, 0x000000070f400000, 0x000000070f400000|100%| S|CS|TAMS 0x000000070f200000, 0x000000070f200000| Complete 
| 116|0x000000070f400000, 0x000000070f600000, 0x000000070f600000|100%| E|CS|TAMS 0x000000070f400000, 0x000000070f400000| Complete 
| 117|0x000000070f600000, 0x000000070f800000, 0x000000070f800000|100%| E|CS|TAMS 0x000000070f600000, 0x000000070f600000| Complete 
| 118|0x000000070f800000, 0x000000070fa00000, 0x000000070fa00000|100%| E|CS|TAMS 0x000000070f800000, 0x000000070f800000| Complete 
| 119|0x000000070fa00000, 0x000000070fc00000, 0x000000070fc00000|100%| E|CS|TAMS 0x000000070fa00000, 0x000000070fa00000| Complete 
| 120|0x000000070fc00000, 0x000000070fe00000, 0x000000070fe00000|100%| E|CS|TAMS 0x000000070fc00000, 0x000000070fc00000| Complete 
| 121|0x000000070fe00000, 0x0000000710000000, 0x0000000710000000|100%| E|CS|TAMS 0x000000070fe00000, 0x000000070fe00000| Complete 
| 122|0x0000000710000000, 0x0000000710200000, 0x0000000710200000|100%| E|CS|TAMS 0x0000000710000000, 0x0000000710000000| Complete 
| 123|0x0000000710200000, 0x0000000710400000, 0x0000000710400000|100%| E|CS|TAMS 0x0000000710200000, 0x0000000710200000| Complete 
| 124|0x0000000710400000, 0x0000000710600000, 0x0000000710600000|100%| E|CS|TAMS 0x0000000710400000, 0x0000000710400000| Complete 
| 125|0x0000000710600000, 0x0000000710800000, 0x0000000710800000|100%| E|CS|TAMS 0x0000000710600000, 0x0000000710600000| Complete 
| 126|0x0000000710800000, 0x0000000710a00000, 0x0000000710a00000|100%| E|CS|TAMS 0x0000000710800000, 0x0000000710800000| Complete 
| 127|0x0000000710a00000, 0x0000000710c00000, 0x0000000710c00000|100%| E|CS|TAMS 0x0000000710a00000, 0x0000000710a00000| Complete 

Card table byte_map: [0x0000029ce8290000,0x0000029ce8a90000] _byte_map_base: 0x0000029ce4a8a000

Marking Bits (Prev, Next): (CMBitMap*) 0x0000029cd128ad30, (CMBitMap*) 0x0000029cd128ad70
 Prev Bits: [0x0000029ce9290000, 0x0000029ced260000)
 Next Bits: [0x0000029ced260000, 0x0000029cf1230000)

Polling page: 0x0000029cd0a10000

Metaspace:

Usage:
  Non-class:     17.07 MB used.
      Class:      2.50 MB used.
       Both:     19.57 MB used.

Virtual space:
  Non-class space:       24.00 MB reserved,      17.25 MB ( 72%) committed,  3 nodes.
      Class space:        1.00 GB reserved,       2.62 MB ( <1%) committed,  1 nodes.
             Both:        1.02 GB reserved,      19.88 MB (  2%) committed. 

Chunk freelists:
   Non-Class:  2.16 MB
       Class:  1.39 MB
        Both:  3.54 MB

MaxMetaspaceSize: unlimited
CompressedClassSpaceSize: 1.00 GB
Initial GC threshold: 21.00 MB
Current GC threshold: 21.00 MB
CDS: on
MetaspaceReclaimPolicy: balanced
 - commit_granule_bytes: 65536.
 - commit_granule_words: 8192.
 - virtual_space_node_default_size: 1048576.
 - enlarge_chunks_in_place: 1.
 - new_chunks_are_fully_committed: 0.
 - uncommit_free_chunks: 1.
 - use_allocation_guard: 0.
 - handle_deallocations: 1.


Internal statistics:

num_allocs_failed_limit: 0.
num_arena_births: 204.
num_arena_deaths: 0.
num_vsnodes_births: 4.
num_vsnodes_deaths: 0.
num_space_committed: 318.
num_space_uncommitted: 0.
num_chunks_returned_to_freelist: 0.
num_chunks_taken_from_freelist: 841.
num_chunk_merges: 0.
num_chunk_splits: 612.
num_chunks_enlarged: 502.
num_purges: 0.
num_inconsistent_stats: 0.

CodeHeap 'non-profiled nmethods': size=120000Kb used=1058Kb max_used=1058Kb free=118941Kb
 bounds [0x0000029ce0560000, 0x0000029ce07d0000, 0x0000029ce7a90000]
CodeHeap 'profiled nmethods': size=120000Kb used=4924Kb max_used=4924Kb free=115076Kb
 bounds [0x0000029cd9030000, 0x0000029cd9500000, 0x0000029ce0560000]
CodeHeap 'non-nmethods': size=5760Kb used=1182Kb max_used=1242Kb free=4577Kb
 bounds [0x0000029cd8a90000, 0x0000029cd8d00000, 0x0000029cd9030000]
 total_blobs=2941 nmethods=2465 adapters=388
 compilation: enabled
              stopped_count=0, restarted_count=0
 full_count=0

Compilation events (20 events):
Event: 2.671 Thread 0x0000029cf3737ee0 2383       3       org.springframework.beans.factory.BeanFactoryUtils::isFactoryDereference (19 bytes)
Event: 2.671 Thread 0x0000029cf3737ee0 nmethod 2383 0x0000029cd94cc190 code [0x0000029cd94cc340, 0x0000029cd94cc568]
Event: 2.672 Thread 0x0000029cf3737ee0 2384       3       java.io.ByteArrayOutputStream::<init> (7 bytes)
Event: 2.672 Thread 0x0000029cf3737ee0 nmethod 2384 0x0000029cd94cc690 code [0x0000029cd94cc820, 0x0000029cd94cc968]
Event: 2.672 Thread 0x0000029cf3737ee0 2385       3       java.io.ByteArrayOutputStream::<init> (43 bytes)
Event: 2.672 Thread 0x0000029cf3737ee0 nmethod 2385 0x0000029cd94cca10 code [0x0000029cd94ccc60, 0x0000029cd94cd498]
Event: 2.672 Thread 0x0000029cf3737ee0 2386       3       java.lang.Integer::compare (20 bytes)
Event: 2.672 Thread 0x0000029cf3737ee0 nmethod 2386 0x0000029cd94cd790 code [0x0000029cd94cd940, 0x0000029cd94cdb18]
Event: 2.672 Thread 0x0000029cf3737ee0 2387   !   3       org.springframework.boot.autoconfigure.condition.FilteringSpringBootCondition$ClassNameFilter::isPresent (19 bytes)
Event: 2.672 Thread 0x0000029cf3737ee0 nmethod 2387 0x0000029cd94cdb90 code [0x0000029cd94cdd60, 0x0000029cd94ce028]
Event: 2.672 Thread 0x0000029cf3737ee0 2388       3       org.springframework.boot.autoconfigure.condition.FilteringSpringBootCondition::resolve (16 bytes)
Event: 2.673 Thread 0x0000029cf3737ee0 nmethod 2388 0x0000029cd94ce190 code [0x0000029cd94ce340, 0x0000029cd94ce4f8]
Event: 2.675 Thread 0x0000029cf3737ee0 2389       3       java.io.FilterInputStream::read (11 bytes)
Event: 2.675 Thread 0x0000029cf3737ee0 nmethod 2389 0x0000029cd94ce590 code [0x0000029cd94ce740, 0x0000029cd94ce928]
Event: 2.676 Thread 0x0000029cf3737ee0 2390       3       java.util.TreeMap::getEntry (77 bytes)
Event: 2.676 Thread 0x0000029cf3737ee0 nmethod 2390 0x0000029cd94cea10 code [0x0000029cd94cec20, 0x0000029cd94cf2c8]
Event: 2.677 Thread 0x0000029cf3716500 2391       4       java.lang.ClassLoader::getClassLoadingLock (35 bytes)
Event: 2.679 Thread 0x0000029cf3716500 nmethod 2391 0x0000029ce0665310 code [0x0000029ce06654a0, 0x0000029ce06655e8]
Event: 2.679 Thread 0x0000029cf5238ea0 2392   !   4       jdk.internal.loader.BuiltinClassLoader::loadClassOrNull (143 bytes)
Event: 2.680 Thread 0x0000029cf3716500 2393   !   4       jdk.internal.loader.URLClassPath$JarLoader::getResource (354 bytes)

GC Heap History (6 events):
Event: 0.644 GC heap before
{Heap before GC invocations=0 (full 0):
 garbage-first heap   total 262144K, used 10240K [0x0000000700c00000, 0x0000000800000000)
  region size 2048K, 6 young (12288K), 0 survivors (0K)
 Metaspace       used 2649K, committed 2816K, reserved 1056768K
  class space    used 245K, committed 320K, reserved 1048576K
}
Event: 0.679 GC heap after
{Heap after GC invocations=1 (full 0):
 garbage-first heap   total 262144K, used 5979K [0x0000000700c00000, 0x0000000800000000)
  region size 2048K, 1 young (2048K), 1 survivors (2048K)
 Metaspace       used 2649K, committed 2816K, reserved 1056768K
  class space    used 245K, committed 320K, reserved 1048576K
}
Event: 1.096 GC heap before
{Heap before GC invocations=1 (full 0):
 garbage-first heap   total 262144K, used 16219K [0x0000000700c00000, 0x0000000800000000)
  region size 2048K, 6 young (12288K), 1 survivors (2048K)
 Metaspace       used 5809K, committed 5952K, reserved 1056768K
  class space    used 677K, committed 768K, reserved 1048576K
}
Event: 1.098 GC heap after
{Heap after GC invocations=2 (full 0):
 garbage-first heap   total 262144K, used 7090K [0x0000000700c00000, 0x0000000800000000)
  region size 2048K, 1 young (2048K), 1 survivors (2048K)
 Metaspace       used 5809K, committed 5952K, reserved 1056768K
  class space    used 677K, committed 768K, reserved 1048576K
}
Event: 1.744 GC heap before
{Heap before GC invocations=2 (full 0):
 garbage-first heap   total 262144K, used 29618K [0x0000000700c00000, 0x0000000800000000)
  region size 2048K, 12 young (24576K), 1 survivors (2048K)
 Metaspace       used 11691K, committed 11840K, reserved 1064960K
  class space    used 1507K, committed 1600K, reserved 1048576K
}
Event: 1.747 GC heap after
{Heap after GC invocations=3 (full 0):
 garbage-first heap   total 262144K, used 8462K [0x0000000700c00000, 0x0000000800000000)
  region size 2048K, 2 young (4096K), 2 survivors (4096K)
 Metaspace       used 11691K, committed 11840K, reserved 1064960K
  class space    used 1507K, committed 1600K, reserved 1048576K
}

Deoptimization events (20 events):
Event: 2.501 Thread 0x0000029cd123b710 DEOPT PACKING pc=0x0000029cd9163ee5 sp=0x000000c9e44fe900
Event: 2.501 Thread 0x0000029cd123b710 DEOPT UNPACKING pc=0x0000029cd8ae2b43 sp=0x000000c9e44fddf0 mode 0
Event: 2.501 Thread 0x0000029cd123b710 DEOPT PACKING pc=0x0000029cd915af66 sp=0x000000c9e44fe930
Event: 2.501 Thread 0x0000029cd123b710 DEOPT UNPACKING pc=0x0000029cd8ae2b43 sp=0x000000c9e44fddf8 mode 0
Event: 2.501 Thread 0x0000029cd123b710 DEOPT PACKING pc=0x0000029cd9163ee5 sp=0x000000c9e44fe900
Event: 2.501 Thread 0x0000029cd123b710 DEOPT UNPACKING pc=0x0000029cd8ae2b43 sp=0x000000c9e44fddf0 mode 0
Event: 2.501 Thread 0x0000029cd123b710 DEOPT PACKING pc=0x0000029cd915af66 sp=0x000000c9e44fe930
Event: 2.501 Thread 0x0000029cd123b710 DEOPT UNPACKING pc=0x0000029cd8ae2b43 sp=0x000000c9e44fddf8 mode 0
Event: 2.501 Thread 0x0000029cd123b710 DEOPT PACKING pc=0x0000029cd9163ee5 sp=0x000000c9e44fe900
Event: 2.501 Thread 0x0000029cd123b710 DEOPT UNPACKING pc=0x0000029cd8ae2b43 sp=0x000000c9e44fddf0 mode 0
Event: 2.502 Thread 0x0000029cd123b710 DEOPT PACKING pc=0x0000029cd915af66 sp=0x000000c9e44fe930
Event: 2.502 Thread 0x0000029cd123b710 DEOPT UNPACKING pc=0x0000029cd8ae2b43 sp=0x000000c9e44fddf8 mode 0
Event: 2.503 Thread 0x0000029cd123b710 DEOPT PACKING pc=0x0000029cd9163ee5 sp=0x000000c9e44fe900
Event: 2.503 Thread 0x0000029cd123b710 DEOPT UNPACKING pc=0x0000029cd8ae2b43 sp=0x000000c9e44fddf0 mode 0
Event: 2.503 Thread 0x0000029cd123b710 DEOPT PACKING pc=0x0000029cd915af66 sp=0x000000c9e44fe930
Event: 2.503 Thread 0x0000029cd123b710 DEOPT UNPACKING pc=0x0000029cd8ae2b43 sp=0x000000c9e44fddf8 mode 0
Event: 2.627 Thread 0x0000029cd123b710 Uncommon trap: trap_request=0xffffff45 fr.pc=0x0000029ce063e450 relative=0x0000000000001150
Event: 2.627 Thread 0x0000029cd123b710 Uncommon trap: reason=unstable_if action=reinterpret pc=0x0000029ce063e450 method=jdk.internal.jimage.ImageStringsReader.stringFromByteBufferMatches(Ljava/nio/ByteBuffer;ILjava/lang/String;I)I @ 48 c2
Event: 2.627 Thread 0x0000029cd123b710 DEOPT PACKING pc=0x0000029ce063e450 sp=0x000000c9e44fdfe0
Event: 2.627 Thread 0x0000029cd123b710 DEOPT UNPACKING pc=0x0000029cd8ae23a3 sp=0x000000c9e44fdd18 mode 2

Classes unloaded (0 events):
No events

Classes redefined (0 events):
No events

Internal exceptions (20 events):
Event: 1.838 Thread 0x0000029cd123b710 Exception <a 'java/lang/ClassNotFoundException'{0x0000000710989380}: org/springframework/core/OrderedCustomizer> (0x0000000710989380) 
thrown [t:\workspace\open\src\hotspot\share\classfile\systemDictionary.cpp, line 256]
Event: 1.840 Thread 0x0000029cd123b710 Exception <a 'java/lang/ClassNotFoundException'{0x000000071098d7c8}: org/springframework/context/ResourceLoaderAwareCustomizer> (0x000000071098d7c8) 
thrown [t:\workspace\open\src\hotspot\share\classfile\systemDictionary.cpp, line 256]
Event: 1.840 Thread 0x0000029cd123b710 Exception <a 'java/lang/ClassNotFoundException'{0x0000000710991dc8}: org/springframework/beans/factory/AwareCustomizer> (0x0000000710991dc8) 
thrown [t:\workspace\open\src\hotspot\share\classfile\systemDictionary.cpp, line 256]
Event: 1.840 Thread 0x0000029cd123b710 Exception <a 'java/lang/ClassNotFoundException'{0x0000000710995330}: org/springframework/context/ApplicationStartupAwareCustomizer> (0x0000000710995330) 
thrown [t:\workspace\open\src\hotspot\share\classfile\systemDictionary.cpp, line 256]
Event: 1.841 Thread 0x0000029cd123b710 Exception <a 'java/lang/ClassNotFoundException'{0x0000000710999bb8}: org/springframework/beans/factory/AwareCustomizer> (0x0000000710999bb8) 
thrown [t:\workspace\open\src\hotspot\share\classfile\systemDictionary.cpp, line 256]
Event: 1.841 Thread 0x0000029cd123b710 Exception <a 'java/lang/ClassNotFoundException'{0x000000071099d158}: org/springframework/beans/factory/BeanClassLoaderAwareCustomizer> (0x000000071099d158) 
thrown [t:\workspace\open\src\hotspot\share\classfile\systemDictionary.cpp, line 256]
Event: 1.842 Thread 0x0000029cd123b710 Exception <a 'java/lang/ClassNotFoundException'{0x00000007109a1740}: org/springframework/beans/factory/AwareCustomizer> (0x00000007109a1740) 
thrown [t:\workspace\open\src\hotspot\share\classfile\systemDictionary.cpp, line 256]
Event: 1.842 Thread 0x0000029cd123b710 Exception <a 'java/lang/ClassNotFoundException'{0x00000007109a4aa0}: org/springframework/context/EnvironmentAwareCustomizer> (0x00000007109a4aa0) 
thrown [t:\workspace\open\src\hotspot\share\classfile\systemDictionary.cpp, line 256]
Event: 1.842 Thread 0x0000029cd123b710 Exception <a 'java/lang/ClassNotFoundException'{0x00000007109a9020}: org/springframework/beans/factory/AwareCustomizer> (0x00000007109a9020) 
thrown [t:\workspace\open\src\hotspot\share\classfile\systemDictionary.cpp, line 256]
Event: 1.924 Thread 0x0000029cd123b710 Exception <a 'java/lang/NoSuchMethodError'{0x000000071059a938}: 'java.lang.Object java.lang.invoke.DirectMethodHandle$Holder.invokeVirtual(java.lang.Object, java.lang.Object, java.lang.Object)'> (0x000000071059a938) 
thrown [t:\workspace\open\src\hotspot\share\interpreter\linkResolver.cpp, line 766]
Event: 2.012 Thread 0x0000029cf4fa9840 Exception <a 'java/lang/NoSuchMethodError'{0x000000071012bfe8}: 'java.lang.Object java.lang.invoke.DirectMethodHandle$Holder.invokeStaticInit(java.lang.Object, java.lang.Object, java.lang.Object)'> (0x000000071012bfe8) 
thrown [t:\workspace\open\src\hotspot\share\interpreter\linkResolver.cpp, line 766]
Event: 2.012 Thread 0x0000029cf4fa9840 Exception <a 'java/lang/NoSuchMethodError'{0x0000000710131ed8}: 'java.lang.Object java.lang.invoke.DirectMethodHandle$Holder.invokeStaticInit(java.lang.Object, java.lang.Object, java.lang.Object, java.lang.Object, java.lang.Object)'> (0x0000000710131ed8) 
thrown [t:\workspace\open\src\hotspot\share\interpreter\linkResolver.cpp, line 766]
Event: 2.418 Thread 0x0000029cf4fa9840 Exception <a 'java/lang/NoSuchMethodError'{0x000000070e9305e0}: 'long java.lang.invoke.DirectMethodHandle$Holder.invokeSpecial(java.lang.Object, java.lang.Object)'> (0x000000070e9305e0) 
thrown [t:\workspace\open\src\hotspot\share\interpreter\linkResolver.cpp, line 766]
Event: 2.419 Thread 0x0000029cf4fa9840 Exception <a 'java/lang/NoSuchMethodError'{0x000000070e93b4b0}: 'long java.lang.invoke.DirectMethodHandle$Holder.invokeStatic(java.lang.Object, java.lang.Object)'> (0x000000070e93b4b0) 
thrown [t:\workspace\open\src\hotspot\share\interpreter\linkResolver.cpp, line 766]
Event: 2.420 Thread 0x0000029cf4fa9840 Exception <a 'java/lang/NoSuchMethodError'{0x000000070e93eab0}: 'long java.lang.invoke.DirectMethodHandle$Holder.invokeStaticInit(java.lang.Object, java.lang.Object)'> (0x000000070e93eab0) 
thrown [t:\workspace\open\src\hotspot\share\interpreter\linkResolver.cpp, line 766]
Event: 2.422 Thread 0x0000029cf4fa9840 Exception <a 'java/lang/NoSuchMethodError'{0x000000070e94c5d8}: 'long java.lang.invoke.DirectMethodHandle$Holder.invokeInterface(java.lang.Object, java.lang.Object)'> (0x000000070e94c5d8) 
thrown [t:\workspace\open\src\hotspot\share\interpreter\linkResolver.cpp, line 766]
Event: 2.422 Thread 0x0000029cf4fa9840 Exception <a 'java/lang/IncompatibleClassChangeError'{0x000000070e94fb68}: Found class java.lang.Object, but interface was expected> (0x000000070e94fb68) 
thrown [t:\workspace\open\src\hotspot\share\interpreter\linkResolver.cpp, line 833]
Event: 2.430 Thread 0x0000029cf4fa9840 Exception <a 'java/lang/NoSuchMethodError'{0x000000070e9b4290}: 'java.lang.Object java.lang.invoke.DirectMethodHandle$Holder.invokeVirtual(java.lang.Object, java.lang.Object, java.lang.Object, java.lang.Object)'> (0x000000070e9b4290) 
thrown [t:\workspace\open\src\hotspot\share\interpreter\linkResolver.cpp, line 766]
Event: 2.495 Thread 0x0000029cd123b710 Exception <a 'java/lang/IncompatibleClassChangeError'{0x000000070e2b6910}: Found class java.lang.Object, but interface was expected> (0x000000070e2b6910) 
thrown [t:\workspace\open\src\hotspot\share\interpreter\linkResolver.cpp, line 833]
Event: 2.545 Thread 0x0000029cd123b710 Exception <a 'java/lang/NoSuchMethodError'{0x000000070e00f840}: 'void java.lang.invoke.DirectMethodHandle$Holder.invokeInterface(java.lang.Object, java.lang.Object, java.lang.Object, java.lang.Object)'> (0x000000070e00f840) 
thrown [t:\workspace\open\src\hotspot\share\interpreter\linkResolver.cpp, line 766]

VM Operations (20 events):
Event: 1.096 Executing VM operation: G1CollectForAllocation
Event: 1.098 Executing VM operation: G1CollectForAllocation done
Event: 1.599 Executing VM operation: ICBufferFull
Event: 1.599 Executing VM operation: ICBufferFull done
Event: 1.699 Executing VM operation: HandshakeAllThreads
Event: 1.707 Executing VM operation: HandshakeAllThreads done
Event: 1.726 Executing VM operation: HandshakeAllThreads
Event: 1.726 Executing VM operation: HandshakeAllThreads done
Event: 1.730 Executing VM operation: HandshakeAllThreads
Event: 1.730 Executing VM operation: HandshakeAllThreads done
Event: 1.744 Executing VM operation: G1CollectForAllocation
Event: 1.744 Executing VM operation: G1CollectForAllocation done
Event: 1.744 Executing VM operation: G1CollectForAllocation
Event: 1.747 Executing VM operation: G1CollectForAllocation done
Event: 1.749 Executing VM operation: HandshakeAllThreads
Event: 1.749 Executing VM operation: HandshakeAllThreads done
Event: 1.915 Executing VM operation: HandshakeAllThreads
Event: 1.915 Executing VM operation: HandshakeAllThreads done
Event: 2.361 Executing VM operation: ICBufferFull
Event: 2.361 Executing VM operation: ICBufferFull done

Events (20 events):
Event: 2.049 Thread 0x0000029cf5238ea0 Thread added: 0x0000029cf5238ea0
Event: 2.203 loading class java/beans/ConstructorProperties
Event: 2.203 loading class java/beans/ConstructorProperties done
Event: 2.216 loading class sun/text/resources/cldr/FormatData_en
Event: 2.216 loading class sun/text/resources/cldr/FormatData_en done
Event: 2.216 loading class sun/text/resources/cldr/FormatData_en_US
Event: 2.216 loading class sun/text/resources/cldr/FormatData_en_US done
Event: 2.241 loading class java/io/CharArrayReader
Event: 2.241 loading class java/io/CharArrayReader done
Event: 2.271 loading class java/util/concurrent/atomic/AtomicReference
Event: 2.271 loading class java/util/concurrent/atomic/AtomicReference done
Event: 2.400 loading class java/util/regex/Pattern$Pos
Event: 2.400 loading class java/util/regex/Pattern$Pos done
Event: 2.432 Thread 0x0000029cf4fa9840 Thread exited: 0x0000029cf4fa9840
Event: 2.439 Thread 0x0000029cf4fa9840 Thread added: 0x0000029cf4fa9840
Event: 2.460 loading class javax/naming/ldap/LdapContext
Event: 2.460 loading class javax/naming/directory/DirContext
Event: 2.460 loading class javax/naming/directory/DirContext done
Event: 2.460 loading class javax/naming/ldap/LdapContext done
Event: 2.478 Thread 0x0000029cf4fa9840 Thread exited: 0x0000029cf4fa9840


Dynamic libraries:
0x00007ff6b7720000 - 0x00007ff6b7730000 	C:\Program Files\Java\jdk-17.0.2\bin\java.exe
0x00007ffb4daf0000 - 0x00007ffb4dce7000 	C:\WINDOWS\SYSTEM32\ntdll.dll
0x00007ffb4ca70000 - 0x00007ffb4cb2d000 	C:\WINDOWS\System32\KERNEL32.DLL
0x00007ffb4b550000 - 0x00007ffb4b81d000 	C:\WINDOWS\System32\KERNELBASE.dll
0x00007ffb4b240000 - 0x00007ffb4b340000 	C:\WINDOWS\System32\ucrtbase.dll
0x00007ffb44b30000 - 0x00007ffb44b48000 	C:\Program Files\Java\jdk-17.0.2\bin\jli.dll
0x00007ffb4bfe0000 - 0x00007ffb4c08e000 	C:\WINDOWS\System32\ADVAPI32.dll
0x00007ffb4cf00000 - 0x00007ffb4cf9e000 	C:\WINDOWS\System32\msvcrt.dll
0x00007ffb44b50000 - 0x00007ffb44b6a000 	C:\Program Files\Java\jdk-17.0.2\bin\VCRUNTIME140.dll
0x00007ffb4ccc0000 - 0x00007ffb4cd5c000 	C:\WINDOWS\System32\sechost.dll
0x00007ffb4d160000 - 0x00007ffb4d285000 	C:\WINDOWS\System32\RPCRT4.dll
0x00007ffb4cd60000 - 0x00007ffb4cf00000 	C:\WINDOWS\System32\USER32.dll
0x00007ffb4b210000 - 0x00007ffb4b232000 	C:\WINDOWS\System32\win32u.dll
0x00007ffb4d970000 - 0x00007ffb4d99a000 	C:\WINDOWS\System32\GDI32.dll
0x00007ffb4b910000 - 0x00007ffb4ba1b000 	C:\WINDOWS\System32\gdi32full.dll
0x00007ffb4b820000 - 0x00007ffb4b8bd000 	C:\WINDOWS\System32\msvcp_win.dll
0x00007ffb39320000 - 0x00007ffb395ba000 	C:\WINDOWS\WinSxS\amd64_microsoft.windows.common-controls_6595b64144ccf1df_6.0.19041.1110_none_60b5254171f9507e\COMCTL32.dll
0x00007ffb41ff0000 - 0x00007ffb41ffa000 	C:\WINDOWS\SYSTEM32\VERSION.dll
0x00007ffb4d940000 - 0x00007ffb4d970000 	C:\WINDOWS\System32\IMM32.DLL
0x00007ffb47010000 - 0x00007ffb4701c000 	C:\Program Files\Java\jdk-17.0.2\bin\vcruntime140_1.dll
0x00007ffb29050000 - 0x00007ffb290dd000 	C:\Program Files\Java\jdk-17.0.2\bin\msvcp140.dll
0x00007ffafb010000 - 0x00007ffafbbd1000 	C:\Program Files\Java\jdk-17.0.2\bin\server\jvm.dll
0x00007ffb4c100000 - 0x00007ffb4c108000 	C:\WINDOWS\System32\PSAPI.DLL
0x00007ffb36460000 - 0x00007ffb36469000 	C:\WINDOWS\SYSTEM32\WSOCK32.dll
0x00007ffb4cb30000 - 0x00007ffb4cb9b000 	C:\WINDOWS\System32\WS2_32.dll
0x00007ffb40c70000 - 0x00007ffb40c97000 	C:\WINDOWS\SYSTEM32\WINMM.dll
0x00007ffb49110000 - 0x00007ffb49122000 	C:\WINDOWS\SYSTEM32\kernel.appcore.dll
0x00007ffb463e0000 - 0x00007ffb463ea000 	C:\Program Files\Java\jdk-17.0.2\bin\jimage.dll
0x00007ffb43850000 - 0x00007ffb43a34000 	C:\WINDOWS\SYSTEM32\DBGHELP.DLL
0x00007ffb348a0000 - 0x00007ffb348cc000 	C:\WINDOWS\SYSTEM32\dbgcore.DLL
0x00007ffb4bac0000 - 0x00007ffb4bb42000 	C:\WINDOWS\System32\bcryptPrimitives.dll
0x00007ffb428a0000 - 0x00007ffb428ae000 	C:\Program Files\Java\jdk-17.0.2\bin\instrument.dll
0x00007ffb41f50000 - 0x00007ffb41f75000 	C:\Program Files\Java\jdk-17.0.2\bin\java.dll
0x00007ffb21960000 - 0x00007ffb21a36000 	C:\Program Files\Java\jdk-17.0.2\bin\jsvml.dll
0x00007ffb4c320000 - 0x00007ffb4ca64000 	C:\WINDOWS\System32\SHELL32.dll
0x00007ffb49310000 - 0x00007ffb49aa4000 	C:\WINDOWS\SYSTEM32\windows.storage.dll
0x00007ffb4bb50000 - 0x00007ffb4bea4000 	C:\WINDOWS\System32\combase.dll
0x00007ffb4ac70000 - 0x00007ffb4ac9c000 	C:\WINDOWS\SYSTEM32\Wldp.dll
0x00007ffb4da00000 - 0x00007ffb4daad000 	C:\WINDOWS\System32\SHCORE.dll
0x00007ffb4d9a0000 - 0x00007ffb4d9f5000 	C:\WINDOWS\System32\shlwapi.dll
0x00007ffb4b150000 - 0x00007ffb4b16f000 	C:\WINDOWS\SYSTEM32\profapi.dll
0x00007ffb42a60000 - 0x00007ffb42a78000 	C:\Program Files\Java\jdk-17.0.2\bin\zip.dll
0x00007ffb44b10000 - 0x00007ffb44b29000 	C:\Program Files\Java\jdk-17.0.2\bin\net.dll
0x00007ffb3c100000 - 0x00007ffb3c20a000 	C:\WINDOWS\SYSTEM32\WINHTTP.dll
0x00007ffb4a9d0000 - 0x00007ffb4aa3a000 	C:\WINDOWS\system32\mswsock.dll
0x00007ffb434f0000 - 0x00007ffb43506000 	C:\Program Files\Java\jdk-17.0.2\bin\nio.dll
0x00007ffb2d400000 - 0x00007ffb2d41a000 	C:\Program Files\JetBrains\IntelliJ IDEA Community Edition 2021.2.1\bin\breakgen64.dll
0x00007ffb450b0000 - 0x00007ffb450c0000 	C:\Program Files\Java\jdk-17.0.2\bin\verify.dll
0x00007ffb45010000 - 0x00007ffb45019000 	C:\Program Files\Java\jdk-17.0.2\bin\management.dll
0x00007ffb428b0000 - 0x00007ffb428bb000 	C:\Program Files\Java\jdk-17.0.2\bin\management_ext.dll
0x00007ffb31480000 - 0x00007ffb31497000 	C:\WINDOWS\system32\napinsp.dll
0x00007ffb31460000 - 0x00007ffb3147b000 	C:\WINDOWS\system32\pnrpnsp.dll
0x00007ffb31440000 - 0x00007ffb31455000 	C:\WINDOWS\system32\wshbth.dll
0x00007ffb46f30000 - 0x00007ffb46f4d000 	C:\WINDOWS\system32\NLAapi.dll
0x00007ffb4a670000 - 0x00007ffb4a6ab000 	C:\WINDOWS\SYSTEM32\IPHLPAPI.DLL
0x00007ffb4a6b0000 - 0x00007ffb4a77b000 	C:\WINDOWS\SYSTEM32\DNSAPI.dll
0x00007ffb4c0f0000 - 0x00007ffb4c0f8000 	C:\WINDOWS\System32\NSI.dll
0x00007ffb31420000 - 0x00007ffb31432000 	C:\WINDOWS\System32\winrnr.dll
0x00000000516f0000 - 0x0000000051716000 	C:\Program Files\Bonjour\mdnsNSP.dll
0x00007ffb3bfe0000 - 0x00007ffb3bfea000 	C:\Windows\System32\rasadhlp.dll
0x00007ffb3be30000 - 0x00007ffb3beb0000 	C:\WINDOWS\System32\fwpuclnt.dll
0x00007ffb4ba90000 - 0x00007ffb4bab7000 	C:\WINDOWS\System32\bcrypt.dll

dbghelp: loaded successfully - version: 4.0.5 - missing functions: none
symbol engine: initialized successfully - sym options: 0x614 - pdb path: .;C:\Program Files\Java\jdk-17.0.2\bin;C:\WINDOWS\SYSTEM32;C:\WINDOWS\WinSxS\amd64_microsoft.windows.common-controls_6595b64144ccf1df_6.0.19041.1110_none_60b5254171f9507e;C:\Program Files\Java\jdk-17.0.2\bin\server;C:\Program Files\JetBrains\IntelliJ IDEA Community Edition 2021.2.1\bin;C:\Program Files\Bonjour

VM Arguments:
jvm_args: -javaagent:C:\Program Files\JetBrains\IntelliJ IDEA Community Edition 2021.2.1\lib\idea_rt.jar=50676:C:\Program Files\JetBrains\IntelliJ IDEA Community Edition 2021.2.1\bin -Dfile.encoding=UTF-8 
java_command: com.digitalbooking.demo.DemoApplication xms 1g
java_class_path (initial): D:\Javi\Proyecto Integrador\grupo-05\backend\demo\target\classes;C:\Users\quint\.m2\repository\org\springframework\boot\spring-boot-starter-data-jpa\2.6.7\spring-boot-starter-data-jpa-2.6.7.jar;C:\Users\quint\.m2\repository\org\springframework\boot\spring-boot-starter-aop\2.6.7\spring-boot-starter-aop-2.6.7.jar;C:\Users\quint\.m2\repository\org\aspectj\aspectjweaver\1.9.7\aspectjweaver-1.9.7.jar;C:\Users\quint\.m2\repository\org\springframework\boot\spring-boot-starter-jdbc\2.6.7\spring-boot-starter-jdbc-2.6.7.jar;C:\Users\quint\.m2\repository\com\zaxxer\HikariCP\4.0.3\HikariCP-4.0.3.jar;C:\Users\quint\.m2\repository\org\springframework\spring-jdbc\5.3.19\spring-jdbc-5.3.19.jar;C:\Users\quint\.m2\repository\jakarta\transaction\jakarta.transaction-api\1.3.3\jakarta.transaction-api-1.3.3.jar;C:\Users\quint\.m2\repository\jakarta\persistence\jakarta.persistence-api\2.2.3\jakarta.persistence-api-2.2.3.jar;C:\Users\quint\.m2\repository\org\hibernate\hibernate-core\5.6.8.Final\hibernate-core-5.6.8.Final.jar;C:\Users\quint\.m2\repository\org\jboss\logging\jboss-logging\3.4.3.Final\jboss-logging-3.4.3.Final.jar;C:\Users\quint\.m2\repository\net\bytebuddy\byte-buddy\1.11.22\byte-buddy-1.11.22.jar;C:\Users\quint\.m2\repository\antlr\antlr\2.7.7\antlr-2.7.7.jar;C:\Users\quint\.m2\repository\org\jboss\jandex\2.4.2.Final\jandex-2.4.2.Final.jar;C:\Users\quint\.m2\repository\com\fasterxml\classmate\1.5.1\classmate-1.5.1.jar;C:\Users\quint\.m2\repository\org\hibernate\common\hibernate-commons-annotations\5.1.2.Final\hibernate-commons-annotations-5.1.2.Final.jar;C:\Users\quint\.m2\repository\org\glassfish\jaxb\jaxb-runtime\2.3.6\jaxb-runtime-2.3.6.jar;C:\Users\quint\.m2\repository\org\glassfish\jaxb\txw2\2.3.6\txw2-2.3.6.jar;C:\Users\quint\.m2\repository\com\sun\istack\istack-commons-runtime\3.0.12\istack-commons-runtime-3.0.12.jar;C:\Users\quint\.m2\repository\org\springframework\data\spring-data-jpa\2.6.4\spring-data-jpa-2.6.4.jar;C:\Users\quint\.m2\re
Launcher Type: SUN_STANDARD

[Global flags]
     intx CICompilerCount                          = 3                                         {product} {ergonomic}
     uint ConcGCThreads                            = 1                                         {product} {ergonomic}
     uint G1ConcRefinementThreads                  = 4                                         {product} {ergonomic}
   size_t G1HeapRegionSize                         = 2097152                                   {product} {ergonomic}
    uintx GCDrainStackTargetSize                   = 64                                        {product} {ergonomic}
   size_t InitialHeapSize                          = 268435456                                 {product} {ergonomic}
   size_t MarkStackSize                            = 4194304                                   {product} {ergonomic}
   size_t MaxHeapSize                              = 4282384384                                {product} {ergonomic}
   size_t MaxNewSize                               = 2569011200                                {product} {ergonomic}
   size_t MinHeapDeltaBytes                        = 2097152                                   {product} {ergonomic}
   size_t MinHeapSize                              = 8388608                                   {product} {ergonomic}
    uintx NonNMethodCodeHeapSize                   = 5832780                                {pd product} {ergonomic}
    uintx NonProfiledCodeHeapSize                  = 122912730                              {pd product} {ergonomic}
    uintx ProfiledCodeHeapSize                     = 122912730                              {pd product} {ergonomic}
    uintx ReservedCodeCacheSize                    = 251658240                              {pd product} {ergonomic}
     bool SegmentedCodeCache                       = true                                      {product} {ergonomic}
   size_t SoftMaxHeapSize                          = 4282384384                             {manageable} {ergonomic}
     bool UseCompressedClassPointers               = true                           {product lp64_product} {ergonomic}
     bool UseCompressedOops                        = true                           {product lp64_product} {ergonomic}
     bool UseG1GC                                  = true                                      {product} {ergonomic}
     bool UseLargePagesIndividualAllocation        = false                                  {pd product} {ergonomic}

Logging:
Log output configuration:
 #0: stdout all=warning uptime,level,tags
 #1: stderr all=off uptime,level,tags

Environment Variables:
JAVA_HOME=C:\Program Files\Java\jdk1.8.0_261
PATH=C:\Program Files\Common Files\Oracle\Java\javapath;C:\Program Files (x86)\Common Files\Oracle\Java\javapath;C:\WINDOWS\system32;C:\WINDOWS;C:\WINDOWS\System32\Wbem;C:\WINDOWS\System32\WindowsPowerShell\v1.0\;C:\WINDOWS\System32\OpenSSH\;C:\Program Files\Git\cmd;C:\Program Files\nodejs\;C:\Program Files\PuTTY\;C:\HashiCorp\Vagrant\bin;C:\Users\quint\AppData\Local\Programs\Python\Python39\Scripts\;C:\Users\quint\AppData\Local\Programs\Python\Python39\;C:\Program Files\MySQL\MySQL Shell 8.0\bin\;D:\Development\Ruby27-x64\bin;C:\Users\quint\AppData\Local\Microsoft\WindowsApps;C:\Program Files\Bandizip\;D:\Development\Microsoft VS Code\bin;C:\Program Files\Java\jdk1.8.0_261\bin;C:\Users\quint\AppData\Roaming\npm
USERNAME=quint
OS=Windows_NT
PROCESSOR_IDENTIFIER=Intel64 Family 6 Model 94 Stepping 3, GenuineIntel



---------------  S Y S T E M  ---------------

OS:
 Windows 10 , 64 bit Build 19041 (10.0.19041.1741)
OS uptime: 2 days 18:51 hours

CPU: total 4 (initial active 4) (4 cores per cpu, 1 threads per core) family 6 model 94 stepping 3 microcode 0xcc, cx8, cmov, fxsr, mmx, 3dnowpref, sse, sse2, sse3, ssse3, sse4.1, sse4.2, popcnt, lzcnt, tsc, tscinvbit, avx, avx2, aes, erms, clmul, bmi1, bmi2, rtm, adx, fma, vzeroupper, clflush, clflushopt

Memory: 4k page, system-wide physical 16333M (6245M free)
TotalPageFile size 16333M (AvailPageFile size 8M)
current process WorkingSet (physical memory assigned to process): 146M, peak: 147M
current process commit charge ("private bytes"): 391M, peak: 393M

vm_info: Java HotSpot(TM) 64-Bit Server VM (17.0.2+8-LTS-86) for windows-amd64 JRE (17.0.2+8-LTS-86), built on Dec  7 2021 21:51:03 by "mach5one" with MS VC++ 16.8 / 16.9 (VS2019)

END.
