#
# There is insufficient memory for the Java Runtime Environment to continue.
# Native memory allocation (mmap) failed to map 4194304 bytes for G1 virtual space
# Possible reasons:
#   The system is out of physical RAM or swap space
#   The process is running with CompressedOops enabled, and the Java Heap may be blocking the growth of the native heap
# Possible solutions:
#   Reduce memory load on the system
#   Increase physical memory or swap space
#   Check if swap backing store is full
#   Decrease Java heap size (-Xmx/-Xms)
#   Decrease number of Java threads
#   Decrease Java thread stack sizes (-Xss)
#   Set larger code cache with -XX:ReservedCodeCacheSize=
#   JVM is running with Zero Based Compressed Oops mode in which the Java heap is
#     placed in the first 32GB address space. The Java Heap base address is the
#     maximum limit for the native heap growth. Please use -XX:HeapBaseMinAddress
#     to set the Java Heap base and to place the Java Heap above 32GB virtual address.
# This output file may be truncated or incomplete.
#
#  Out of Memory Error (os_windows.cpp:3532), pid=3440, tid=1608
#
# JRE version:  (17.0.2+8) (build )
# Java VM: Java HotSpot(TM) 64-Bit Server VM (17.0.2+8-LTS-86, mixed mode, sharing, tiered, compressed oops, compressed class ptrs, g1 gc, windows-amd64)
# No core dump will be written. Minidumps are not enabled by default on client versions of Windows
#

---------------  S U M M A R Y ------------

Command Line: -javaagent:C:\Program Files\JetBrains\IntelliJ IDEA Community Edition 2021.2.1\lib\idea_rt.jar=52919:C:\Program Files\JetBrains\IntelliJ IDEA Community Edition 2021.2.1\bin -Dfile.encoding=UTF-8 com.digitalbooking.demo.DemoApplication xms 1g

Host: Intel(R) Core(TM) i5-6600K CPU @ 3.50GHz, 4 cores, 15G,  Windows 10 , 64 bit Build 19041 (10.0.19041.1741)
Time: Wed Jun 29 11:43:12 2022 Hora estándar de Argentina elapsed time: 0.025546 seconds (0d 0h 0m 0s)

---------------  T H R E A D  ---------------

Current thread (0x0000021d9ac1b340):  JavaThread "Unknown thread" [_thread_in_vm, id=1608, stack(0x000000b8fdb00000,0x000000b8fdc00000)]

Stack: [0x000000b8fdb00000,0x000000b8fdc00000]
Native frames: (J=compiled Java code, j=interpreted, Vv=VM code, C=native code)
V  [jvm.dll+0x670baa]
V  [jvm.dll+0x7cfcb4]
V  [jvm.dll+0x7d145e]
V  [jvm.dll+0x7d1ac3]
V  [jvm.dll+0x242bc5]
V  [jvm.dll+0x66dac9]
V  [jvm.dll+0x662412]
V  [jvm.dll+0x300c0b]
V  [jvm.dll+0x3081a6]
V  [jvm.dll+0x357d38]
V  [jvm.dll+0x357f3f]
V  [jvm.dll+0x2d7ec8]
V  [jvm.dll+0x2d8e34]
V  [jvm.dll+0x7a18c1]
V  [jvm.dll+0x365a91]
V  [jvm.dll+0x780d2c]
V  [jvm.dll+0x3e845f]
V  [jvm.dll+0x3e9f01]
C  [jli.dll+0x527b]
C  [ucrtbase.dll+0x21bb2]
C  [KERNEL32.DLL+0x17034]
C  [ntdll.dll+0x52651]


---------------  P R O C E S S  ---------------

Threads class SMR info:
_java_thread_list=0x00007ffb21909858, length=0, elements={
}

Java Threads: ( => current thread )

Other Threads:
  0x0000021d9ac69340 GCTaskThread "GC Thread#0" [stack: 0x000000b8fdc00000,0x000000b8fdd00000] [id=15496]
  0x0000021d9ac7a1c0 ConcurrentGCThread "G1 Main Marker" [stack: 0x000000b8fdd00000,0x000000b8fde00000] [id=4868]
  0x0000021d9ac7b370 ConcurrentGCThread "G1 Conc#0" [stack: 0x000000b8fde00000,0x000000b8fdf00000] [id=6296]

[error occurred during error reporting (printing all threads), id 0xc0000005, EXCEPTION_ACCESS_VIOLATION (0xc0000005) at pc=0x00007ffb211588a7]

VM state: not at safepoint (not fully initialized)

VM Mutex/Monitor currently owned by a thread:  ([mutex/lock_event])
[0x0000021d9ac16bf0] Heap_lock - owner thread: 0x0000021d9ac1b340

Heap address: 0x0000000700c00000, size: 4084 MB, Compressed Oops mode: Zero based, Oop shift amount: 3

CDS archive(s) mapped at: [0x0000000000000000-0x0000000000000000-0x0000000000000000), size 0, SharedBaseAddress: 0x0000000800000000, ArchiveRelocationMode: 0.
Narrow klass base: 0x0000000000000000, Narrow klass shift: 0, Narrow klass range: 0x0

GC Precious Log:
<Empty>

Heap:
 garbage-first heap   total 0K, used 0K [0x0000000700c00000, 0x0000000800000000)
  region size 2048K, 0 young (0K), 0 survivors (0K)

[error occurred during error reporting (printing heap information), id 0xc0000005, EXCEPTION_ACCESS_VIOLATION (0xc0000005) at pc=0x00007ffb21539f19]

GC Heap History (0 events):
No events

Deoptimization events (0 events):
No events

Classes unloaded (0 events):
No events

Classes redefined (0 events):
No events

Internal exceptions (0 events):
No events

VM Operations (0 events):
No events

Events (1 events):
Event: 0.014 Loaded shared library C:\Program Files\Java\jdk-17.0.2\bin\java.dll


Dynamic libraries:
0x00007ff6b7720000 - 0x00007ff6b7730000 	C:\Program Files\Java\jdk-17.0.2\bin\java.exe
0x00007ffb4daf0000 - 0x00007ffb4dce7000 	C:\WINDOWS\SYSTEM32\ntdll.dll
0x00007ffb4ca70000 - 0x00007ffb4cb2d000 	C:\WINDOWS\System32\KERNEL32.DLL
0x00007ffb4b550000 - 0x00007ffb4b81d000 	C:\WINDOWS\System32\KERNELBASE.dll
0x00007ffb4b240000 - 0x00007ffb4b340000 	C:\WINDOWS\System32\ucrtbase.dll
0x00007ffb46ba0000 - 0x00007ffb46bba000 	C:\Program Files\Java\jdk-17.0.2\bin\VCRUNTIME140.dll
0x00007ffb450c0000 - 0x00007ffb450d8000 	C:\Program Files\Java\jdk-17.0.2\bin\jli.dll
0x00007ffb4bfe0000 - 0x00007ffb4c08e000 	C:\WINDOWS\System32\ADVAPI32.dll
0x00007ffb4cf00000 - 0x00007ffb4cf9e000 	C:\WINDOWS\System32\msvcrt.dll
0x00007ffb4ccc0000 - 0x00007ffb4cd5c000 	C:\WINDOWS\System32\sechost.dll
0x00007ffb4d160000 - 0x00007ffb4d285000 	C:\WINDOWS\System32\RPCRT4.dll
0x00007ffb4cd60000 - 0x00007ffb4cf00000 	C:\WINDOWS\System32\USER32.dll
0x00007ffb4b210000 - 0x00007ffb4b232000 	C:\WINDOWS\System32\win32u.dll
0x00007ffb4d970000 - 0x00007ffb4d99a000 	C:\WINDOWS\System32\GDI32.dll
0x00007ffb4b910000 - 0x00007ffb4ba1b000 	C:\WINDOWS\System32\gdi32full.dll
0x00007ffb4b820000 - 0x00007ffb4b8bd000 	C:\WINDOWS\System32\msvcp_win.dll
0x00007ffb39320000 - 0x00007ffb395ba000 	C:\WINDOWS\WinSxS\amd64_microsoft.windows.common-controls_6595b64144ccf1df_6.0.19041.1110_none_60b5254171f9507e\COMCTL32.dll
0x00007ffb41ff0000 - 0x00007ffb41ffa000 	C:\WINDOWS\SYSTEM32\VERSION.dll
0x00007ffb4d940000 - 0x00007ffb4d970000 	C:\WINDOWS\System32\IMM32.DLL
0x00007ffb47060000 - 0x00007ffb4706c000 	C:\Program Files\Java\jdk-17.0.2\bin\vcruntime140_1.dll
0x00007ffb29690000 - 0x00007ffb2971d000 	C:\Program Files\Java\jdk-17.0.2\bin\msvcp140.dll
0x00007ffb20e70000 - 0x00007ffb21a31000 	C:\Program Files\Java\jdk-17.0.2\bin\server\jvm.dll
0x00007ffb4c100000 - 0x00007ffb4c108000 	C:\WINDOWS\System32\PSAPI.DLL
0x00007ffb36460000 - 0x00007ffb36469000 	C:\WINDOWS\SYSTEM32\WSOCK32.dll
0x00007ffb40c70000 - 0x00007ffb40c97000 	C:\WINDOWS\SYSTEM32\WINMM.dll
0x00007ffb4cb30000 - 0x00007ffb4cb9b000 	C:\WINDOWS\System32\WS2_32.dll
0x00007ffb49110000 - 0x00007ffb49122000 	C:\WINDOWS\SYSTEM32\kernel.appcore.dll
0x00007ffb47010000 - 0x00007ffb4701a000 	C:\Program Files\Java\jdk-17.0.2\bin\jimage.dll
0x00007ffb43850000 - 0x00007ffb43a34000 	C:\WINDOWS\SYSTEM32\DBGHELP.DLL
0x00007ffb348a0000 - 0x00007ffb348cc000 	C:\WINDOWS\SYSTEM32\dbgcore.DLL
0x00007ffb4bac0000 - 0x00007ffb4bb42000 	C:\WINDOWS\System32\bcryptPrimitives.dll
0x00007ffb455c0000 - 0x00007ffb455ce000 	C:\Program Files\Java\jdk-17.0.2\bin\instrument.dll
0x00007ffb44b60000 - 0x00007ffb44b85000 	C:\Program Files\Java\jdk-17.0.2\bin\java.dll

dbghelp: loaded successfully - version: 4.0.5 - missing functions: none
symbol engine: initialized successfully - sym options: 0x614 - pdb path: .;C:\Program Files\Java\jdk-17.0.2\bin;C:\WINDOWS\SYSTEM32;C:\WINDOWS\WinSxS\amd64_microsoft.windows.common-controls_6595b64144ccf1df_6.0.19041.1110_none_60b5254171f9507e;C:\Program Files\Java\jdk-17.0.2\bin\server

VM Arguments:
jvm_args: -javaagent:C:\Program Files\JetBrains\IntelliJ IDEA Community Edition 2021.2.1\lib\idea_rt.jar=52919:C:\Program Files\JetBrains\IntelliJ IDEA Community Edition 2021.2.1\bin -Dfile.encoding=UTF-8 
java_command: com.digitalbooking.demo.DemoApplication xms 1g
java_class_path (initial): D:\Javi\Proyecto Integrador\grupo-05\backend\demo\target\classes;C:\Users\quint\.m2\repository\org\springframework\boot\spring-boot-starter-data-jpa\2.6.7\spring-boot-starter-data-jpa-2.6.7.jar;C:\Users\quint\.m2\repository\org\springframework\boot\spring-boot-starter-aop\2.6.7\spring-boot-starter-aop-2.6.7.jar;C:\Users\quint\.m2\repository\org\aspectj\aspectjweaver\1.9.7\aspectjweaver-1.9.7.jar;C:\Users\quint\.m2\repository\org\springframework\boot\spring-boot-starter-jdbc\2.6.7\spring-boot-starter-jdbc-2.6.7.jar;C:\Users\quint\.m2\repository\com\zaxxer\HikariCP\4.0.3\HikariCP-4.0.3.jar;C:\Users\quint\.m2\repository\org\springframework\spring-jdbc\5.3.19\spring-jdbc-5.3.19.jar;C:\Users\quint\.m2\repository\jakarta\transaction\jakarta.transaction-api\1.3.3\jakarta.transaction-api-1.3.3.jar;C:\Users\quint\.m2\repository\jakarta\persistence\jakarta.persistence-api\2.2.3\jakarta.persistence-api-2.2.3.jar;C:\Users\quint\.m2\repository\org\hibernate\hibernate-core\5.6.8.Final\hibernate-core-5.6.8.Final.jar;C:\Users\quint\.m2\repository\org\jboss\logging\jboss-logging\3.4.3.Final\jboss-logging-3.4.3.Final.jar;C:\Users\quint\.m2\repository\net\bytebuddy\byte-buddy\1.11.22\byte-buddy-1.11.22.jar;C:\Users\quint\.m2\repository\antlr\antlr\2.7.7\antlr-2.7.7.jar;C:\Users\quint\.m2\repository\org\jboss\jandex\2.4.2.Final\jandex-2.4.2.Final.jar;C:\Users\quint\.m2\repository\com\fasterxml\classmate\1.5.1\classmate-1.5.1.jar;C:\Users\quint\.m2\repository\org\hibernate\common\hibernate-commons-annotations\5.1.2.Final\hibernate-commons-annotations-5.1.2.Final.jar;C:\Users\quint\.m2\repository\org\glassfish\jaxb\jaxb-runtime\2.3.6\jaxb-runtime-2.3.6.jar;C:\Users\quint\.m2\repository\org\glassfish\jaxb\txw2\2.3.6\txw2-2.3.6.jar;C:\Users\quint\.m2\repository\com\sun\istack\istack-commons-runtime\3.0.12\istack-commons-runtime-3.0.12.jar;C:\Users\quint\.m2\repository\org\springframework\data\spring-data-jpa\2.6.4\spring-data-jpa-2.6.4.jar;C:\Users\quint\.m2\re
Launcher Type: SUN_STANDARD

[Global flags]
     intx CICompilerCount                          = 3                                         {product} {ergonomic}
     uint ConcGCThreads                            = 1                                         {product} {ergonomic}
     uint G1ConcRefinementThreads                  = 4                                         {product} {ergonomic}
   size_t G1HeapRegionSize                         = 2097152                                   {product} {ergonomic}
    uintx GCDrainStackTargetSize                   = 64                                        {product} {ergonomic}
   size_t InitialHeapSize                          = 268435456                                 {product} {ergonomic}
   size_t MarkStackSize                            = 4194304                                   {product} {ergonomic}
   size_t MaxHeapSize                              = 4282384384                                {product} {ergonomic}
   size_t MinHeapDeltaBytes                        = 2097152                                   {product} {ergonomic}
   size_t MinHeapSize                              = 8388608                                   {product} {ergonomic}
    uintx NonNMethodCodeHeapSize                   = 5832780                                {pd product} {ergonomic}
    uintx NonProfiledCodeHeapSize                  = 122912730                              {pd product} {ergonomic}
    uintx ProfiledCodeHeapSize                     = 122912730                              {pd product} {ergonomic}
    uintx ReservedCodeCacheSize                    = 251658240                              {pd product} {ergonomic}
     bool SegmentedCodeCache                       = true                                      {product} {ergonomic}
   size_t SoftMaxHeapSize                          = 4282384384                             {manageable} {ergonomic}
     bool UseCompressedClassPointers               = true                           {product lp64_product} {ergonomic}
     bool UseCompressedOops                        = true                           {product lp64_product} {ergonomic}
     bool UseG1GC                                  = true                                      {product} {ergonomic}
     bool UseLargePagesIndividualAllocation        = false                                  {pd product} {ergonomic}

Logging:
Log output configuration:
 #0: stdout all=warning uptime,level,tags
 #1: stderr all=off uptime,level,tags

Environment Variables:
JAVA_HOME=C:\Program Files\Java\jdk1.8.0_261
PATH=C:\Program Files\Common Files\Oracle\Java\javapath;C:\Program Files (x86)\Common Files\Oracle\Java\javapath;C:\WINDOWS\system32;C:\WINDOWS;C:\WINDOWS\System32\Wbem;C:\WINDOWS\System32\WindowsPowerShell\v1.0\;C:\WINDOWS\System32\OpenSSH\;C:\Program Files\Git\cmd;C:\Program Files\nodejs\;C:\Program Files\PuTTY\;C:\HashiCorp\Vagrant\bin;C:\Users\quint\AppData\Local\Programs\Python\Python39\Scripts\;C:\Users\quint\AppData\Local\Programs\Python\Python39\;C:\Program Files\MySQL\MySQL Shell 8.0\bin\;D:\Development\Ruby27-x64\bin;C:\Users\quint\AppData\Local\Microsoft\WindowsApps;C:\Program Files\Bandizip\;D:\Development\Microsoft VS Code\bin;C:\Program Files\Java\jdk1.8.0_261\bin;C:\Users\quint\AppData\Roaming\npm
USERNAME=quint
OS=Windows_NT
PROCESSOR_IDENTIFIER=Intel64 Family 6 Model 94 Stepping 3, GenuineIntel



---------------  S Y S T E M  ---------------

OS:
 Windows 10 , 64 bit Build 19041 (10.0.19041.1741)
OS uptime: 1 days 15:42 hours

CPU: total 4 (initial active 4) (4 cores per cpu, 1 threads per core) family 6 model 94 stepping 3 microcode 0xcc, cx8, cmov, fxsr, mmx, 3dnowpref, sse, sse2, sse3, ssse3, sse4.1, sse4.2, popcnt, lzcnt, tsc, tscinvbit, avx, avx2, aes, erms, clmul, bmi1, bmi2, rtm, adx, fma, vzeroupper, clflush, clflushopt

Memory: 4k page, system-wide physical 16333M (5468M free)
TotalPageFile size 16333M (AvailPageFile size 5M)
current process WorkingSet (physical memory assigned to process): 10M, peak: 10M
current process commit charge ("private bytes"): 312M, peak: 316M

vm_info: Java HotSpot(TM) 64-Bit Server VM (17.0.2+8-LTS-86) for windows-amd64 JRE (17.0.2+8-LTS-86), built on Dec  7 2021 21:51:03 by "mach5one" with MS VC++ 16.8 / 16.9 (VS2019)

END.
