#
# There is insufficient memory for the Java Runtime Environment to continue.
# Native memory allocation (mmap) failed to map 65536 bytes for Failed to commit metaspace.
# Possible reasons:
#   The system is out of physical RAM or swap space
#   The process is running with CompressedOops enabled, and the Java Heap may be blocking the growth of the native heap
# Possible solutions:
#   Reduce memory load on the system
#   Increase physical memory or swap space
#   Check if swap backing store is full
#   Decrease Java heap size (-Xmx/-Xms)
#   Decrease number of Java threads
#   Decrease Java thread stack sizes (-Xss)
#   Set larger code cache with -XX:ReservedCodeCacheSize=
#   JVM is running with Zero Based Compressed Oops mode in which the Java heap is
#     placed in the first 32GB address space. The Java Heap base address is the
#     maximum limit for the native heap growth. Please use -XX:HeapBaseMinAddress
#     to set the Java Heap base and to place the Java Heap above 32GB virtual address.
# This output file may be truncated or incomplete.
#
#  Out of Memory Error (virtualSpaceNode.cpp:110), pid=6976, tid=9220
#
# JRE version: Java(TM) SE Runtime Environment (17.0.2+8) (build 17.0.2+8-LTS-86)
# Java VM: Java HotSpot(TM) 64-Bit Server VM (17.0.2+8-LTS-86, mixed mode, sharing, tiered, compressed oops, compressed class ptrs, g1 gc, windows-amd64)
# No core dump will be written. Minidumps are not enabled by default on client versions of Windows
#

---------------  S U M M A R Y ------------

Command Line: -javaagent:C:\Program Files\JetBrains\IntelliJ IDEA Community Edition 2021.2.1\lib\idea_rt.jar=52921:C:\Program Files\JetBrains\IntelliJ IDEA Community Edition 2021.2.1\bin -Dfile.encoding=UTF-8 com.digitalbooking.demo.DemoApplication xms 1g

Host: Intel(R) Core(TM) i5-6600K CPU @ 3.50GHz, 4 cores, 15G,  Windows 10 , 64 bit Build 19041 (10.0.19041.1741)
Time: Wed Jun 29 11:43:24 2022 Hora estándar de Argentina elapsed time: 1.727562 seconds (0d 0h 0m 1s)

---------------  T H R E A D  ---------------

Current thread (0x000001788d03f060):  JavaThread "background-preinit" [_thread_in_vm, id=9220, stack(0x0000001df2c00000,0x0000001df2d00000)]

Stack: [0x0000001df2c00000,0x0000001df2d00000]
Native frames: (J=compiled Java code, j=interpreted, Vv=VM code, C=native code)
V  [jvm.dll+0x670baa]
V  [jvm.dll+0x7cfcb4]
V  [jvm.dll+0x7d145e]
V  [jvm.dll+0x7d1ac3]
V  [jvm.dll+0x242bc5]
V  [jvm.dll+0x7cbc5b]
V  [jvm.dll+0x616966]
V  [jvm.dll+0x1be3ee]
V  [jvm.dll+0x6192a1]
V  [jvm.dll+0x617306]
V  [jvm.dll+0x2385a0]
V  [jvm.dll+0x1e880d]
V  [jvm.dll+0x1de251]
V  [jvm.dll+0x537c30]
V  [jvm.dll+0x74ad28]
V  [jvm.dll+0x74ae14]
V  [jvm.dll+0x408cc5]
V  [jvm.dll+0x40ed18]
C  [java.dll+0x17ec]

Java frames: (J=compiled Java code, j=interpreted, Vv=VM code)
J 747  java.lang.ClassLoader.defineClass1(Ljava/lang/ClassLoader;Ljava/lang/String;[BIILjava/security/ProtectionDomain;Ljava/lang/String;)Ljava/lang/Class; java.base@17.0.2 (0 bytes) @ 0x00000178f84a58e3 [0x00000178f84a5820+0x00000000000000c3]
J 895 c1 java.lang.ClassLoader.defineClass(Ljava/lang/String;[BIILjava/security/ProtectionDomain;)Ljava/lang/Class; java.base@17.0.2 (43 bytes) @ 0x00000178f10e635c [0x00000178f10e6000+0x000000000000035c]
J 933 c1 java.security.SecureClassLoader.defineClass(Ljava/lang/String;[BIILjava/security/CodeSource;)Ljava/lang/Class; java.base@17.0.2 (16 bytes) @ 0x00000178f10f358c [0x00000178f10f34c0+0x00000000000000cc]
J 873 c1 jdk.internal.loader.BuiltinClassLoader.defineClass(Ljava/lang/String;Ljdk/internal/loader/Resource;)Ljava/lang/Class; java.base@17.0.2 (121 bytes) @ 0x00000178f10d5ef4 [0x00000178f10d4f80+0x0000000000000f74]
J 702 c1 jdk.internal.loader.BuiltinClassLoader.findClassOnClassPathOrNull(Ljava/lang/String;)Ljava/lang/Class; java.base@17.0.2 (64 bytes) @ 0x00000178f1074a64 [0x00000178f10739e0+0x0000000000001084]
J 468 c1 jdk.internal.loader.BuiltinClassLoader.loadClassOrNull(Ljava/lang/String;Z)Ljava/lang/Class; java.base@17.0.2 (143 bytes) @ 0x00000178f0fe44d4 [0x00000178f0fe35c0+0x0000000000000f14]
J 609 c1 jdk.internal.loader.ClassLoaders$AppClassLoader.loadClass(Ljava/lang/String;Z)Ljava/lang/Class; java.base@17.0.2 (40 bytes) @ 0x00000178f1041a0c [0x00000178f10413e0+0x000000000000062c]
J 606 c1 java.lang.ClassLoader.loadClass(Ljava/lang/String;)Ljava/lang/Class; java.base@17.0.2 (7 bytes) @ 0x00000178f1040acc [0x00000178f10409c0+0x000000000000010c]
v  ~StubRoutines::call_stub
J 747  java.lang.ClassLoader.defineClass1(Ljava/lang/ClassLoader;Ljava/lang/String;[BIILjava/security/ProtectionDomain;Ljava/lang/String;)Ljava/lang/Class; java.base@17.0.2 (0 bytes) @ 0x00000178f84a58e3 [0x00000178f84a5820+0x00000000000000c3]
J 895 c1 java.lang.ClassLoader.defineClass(Ljava/lang/String;[BIILjava/security/ProtectionDomain;)Ljava/lang/Class; java.base@17.0.2 (43 bytes) @ 0x00000178f10e635c [0x00000178f10e6000+0x000000000000035c]
J 933 c1 java.security.SecureClassLoader.defineClass(Ljava/lang/String;[BIILjava/security/CodeSource;)Ljava/lang/Class; java.base@17.0.2 (16 bytes) @ 0x00000178f10f358c [0x00000178f10f34c0+0x00000000000000cc]
J 873 c1 jdk.internal.loader.BuiltinClassLoader.defineClass(Ljava/lang/String;Ljdk/internal/loader/Resource;)Ljava/lang/Class; java.base@17.0.2 (121 bytes) @ 0x00000178f10d5ef4 [0x00000178f10d4f80+0x0000000000000f74]
J 702 c1 jdk.internal.loader.BuiltinClassLoader.findClassOnClassPathOrNull(Ljava/lang/String;)Ljava/lang/Class; java.base@17.0.2 (64 bytes) @ 0x00000178f1074a64 [0x00000178f10739e0+0x0000000000001084]
J 468 c1 jdk.internal.loader.BuiltinClassLoader.loadClassOrNull(Ljava/lang/String;Z)Ljava/lang/Class; java.base@17.0.2 (143 bytes) @ 0x00000178f0fe44d4 [0x00000178f0fe35c0+0x0000000000000f14]
J 609 c1 jdk.internal.loader.ClassLoaders$AppClassLoader.loadClass(Ljava/lang/String;Z)Ljava/lang/Class; java.base@17.0.2 (40 bytes) @ 0x00000178f1041a0c [0x00000178f10413e0+0x000000000000062c]
J 606 c1 java.lang.ClassLoader.loadClass(Ljava/lang/String;)Ljava/lang/Class; java.base@17.0.2 (7 bytes) @ 0x00000178f1040acc [0x00000178f10409c0+0x000000000000010c]
v  ~StubRoutines::call_stub
j  org.springframework.http.converter.json.Jackson2ObjectMapperBuilder.build()Lcom/fasterxml/jackson/databind/ObjectMapper;+79
j  org.springframework.http.converter.json.MappingJackson2HttpMessageConverter.<init>()V+4
j  org.springframework.http.converter.support.AllEncompassingFormHttpMessageConverter.<init>()V+59
j  org.springframework.boot.autoconfigure.BackgroundPreinitializer$MessageConverterInitializer.run()V+4
j  org.springframework.boot.autoconfigure.BackgroundPreinitializer$1.runSafely(Ljava/lang/Runnable;)V+1
j  org.springframework.boot.autoconfigure.BackgroundPreinitializer$1.run()V+33
j  java.lang.Thread.run()V+11 java.base@17.0.2
v  ~StubRoutines::call_stub

---------------  P R O C E S S  ---------------

Threads class SMR info:
_java_thread_list=0x000001788d0b32e0, length=15, elements={
0x00000178e913b3d0, 0x00000178ffe5c040, 0x00000178ffe5d560, 0x00000178ffe701c0,
0x00000178ffe70a80, 0x00000178ffe73af0, 0x00000178ffe74b50, 0x00000178ffe79490,
0x00000178ffe7ee60, 0x00000178ffe99f20, 0x000001788c1dfaf0, 0x000001788c5ca1b0,
0x000001788c5cccb0, 0x000001788c826820, 0x000001788d03f060
}

Java Threads: ( => current thread )
  0x00000178e913b3d0 JavaThread "main" [_thread_in_vm, id=14612, stack(0x0000001df1300000,0x0000001df1400000)]
  0x00000178ffe5c040 JavaThread "Reference Handler" daemon [_thread_blocked, id=15348, stack(0x0000001df1a00000,0x0000001df1b00000)]
  0x00000178ffe5d560 JavaThread "Finalizer" daemon [_thread_blocked, id=11704, stack(0x0000001df1b00000,0x0000001df1c00000)]
  0x00000178ffe701c0 JavaThread "Signal Dispatcher" daemon [_thread_blocked, id=11572, stack(0x0000001df1c00000,0x0000001df1d00000)]
  0x00000178ffe70a80 JavaThread "Attach Listener" daemon [_thread_blocked, id=7476, stack(0x0000001df1d00000,0x0000001df1e00000)]
  0x00000178ffe73af0 JavaThread "Service Thread" daemon [_thread_blocked, id=15668, stack(0x0000001df1e00000,0x0000001df1f00000)]
  0x00000178ffe74b50 JavaThread "Monitor Deflation Thread" daemon [_thread_blocked, id=12324, stack(0x0000001df1f00000,0x0000001df2000000)]
  0x00000178ffe79490 JavaThread "C2 CompilerThread0" daemon [_thread_blocked, id=13920, stack(0x0000001df2000000,0x0000001df2100000)]
  0x00000178ffe7ee60 JavaThread "C1 CompilerThread0" daemon [_thread_blocked, id=14732, stack(0x0000001df2100000,0x0000001df2200000)]
  0x00000178ffe99f20 JavaThread "Sweeper thread" daemon [_thread_blocked, id=6500, stack(0x0000001df2200000,0x0000001df2300000)]
  0x000001788c1dfaf0 JavaThread "Common-Cleaner" daemon [_thread_blocked, id=6364, stack(0x0000001df2300000,0x0000001df2400000)]
  0x000001788c5ca1b0 JavaThread "Monitor Ctrl-Break" daemon [_thread_in_native, id=2036, stack(0x0000001df2400000,0x0000001df2500000)]
  0x000001788c5cccb0 JavaThread "Notification Thread" daemon [_thread_blocked, id=14772, stack(0x0000001df2500000,0x0000001df2600000)]
  0x000001788c826820 JavaThread "C2 CompilerThread1" daemon [_thread_blocked, id=12608, stack(0x0000001df2700000,0x0000001df2800000)]
=>0x000001788d03f060 JavaThread "background-preinit" [_thread_in_vm, id=9220, stack(0x0000001df2c00000,0x0000001df2d00000)]

Other Threads:
  0x00000178ffe560d0 VMThread "VM Thread" [stack: 0x0000001df1900000,0x0000001df1a00000] [id=14344]
  0x000001788c51ed10 WatcherThread [stack: 0x0000001df2600000,0x0000001df2700000] [id=15544]
  0x00000178e91893d0 GCTaskThread "GC Thread#0" [stack: 0x0000001df1400000,0x0000001df1500000] [id=11288]
  0x000001788caed3c0 GCTaskThread "GC Thread#1" [stack: 0x0000001df2800000,0x0000001df2900000] [id=7724]
  0x000001788caed670 GCTaskThread "GC Thread#2" [stack: 0x0000001df2900000,0x0000001df2a00000] [id=15948]
  0x000001788caed920 GCTaskThread "GC Thread#3" [stack: 0x0000001df2a00000,0x0000001df2b00000] [id=11468]
  0x00000178e919b170 ConcurrentGCThread "G1 Main Marker" [stack: 0x0000001df1500000,0x0000001df1600000] [id=15536]
  0x00000178e919ba90 ConcurrentGCThread "G1 Conc#0" [stack: 0x0000001df1600000,0x0000001df1700000] [id=11912]
  0x00000178e91fd9e0 ConcurrentGCThread "G1 Refine#0" [stack: 0x0000001df1700000,0x0000001df1800000] [id=10996]
  0x000001788cadccd0 ConcurrentGCThread "G1 Refine#1" [stack: 0x0000001df2b00000,0x0000001df2c00000] [id=12192]
  0x00000178ffd224b0 ConcurrentGCThread "G1 Service" [stack: 0x0000001df1800000,0x0000001df1900000] [id=6820]

Threads with active compile tasks:

VM state: not at safepoint (normal execution)

VM Mutex/Monitor currently owned by a thread:  ([mutex/lock_event])
[0x00000178e9135990] Metaspace_lock - owner thread: 0x000001788d03f060

Heap address: 0x0000000700c00000, size: 4084 MB, Compressed Oops mode: Zero based, Oop shift amount: 3

CDS archive(s) mapped at: [0x0000000800000000-0x0000000800bc0000-0x0000000800bc0000), size 12320768, SharedBaseAddress: 0x0000000800000000, ArchiveRelocationMode: 0.
Compressed class space mapped at: 0x0000000800c00000-0x0000000840c00000, reserved size: 1073741824
Narrow klass base: 0x0000000800000000, Narrow klass shift: 0, Narrow klass range: 0x100000000

GC Precious Log:
 CPUs: 4 total, 4 available
 Memory: 16333M
 Large Page Support: Disabled
 NUMA Support: Disabled
 Compressed Oops: Enabled (Zero based)
 Heap Region Size: 2M
 Heap Min Capacity: 8M
 Heap Initial Capacity: 256M
 Heap Max Capacity: 4084M
 Pre-touch: Disabled
 Parallel Workers: 4
 Concurrent Workers: 1
 Concurrent Refinement Workers: 4
 Periodic GC: Disabled

Heap:
 garbage-first heap   total 262144K, used 26922K [0x0000000700c00000, 0x0000000800000000)
  region size 2048K, 12 young (24576K), 2 survivors (4096K)
 Metaspace       used 15586K, committed 15744K, reserved 1064960K
  class space    used 2022K, committed 2112K, reserved 1048576K

Heap Regions: E=young(eden), S=young(survivor), O=old, HS=humongous(starts), HC=humongous(continues), CS=collection set, F=free, OA=open archive, CA=closed archive, TAMS=top-at-mark-start (previous, next)
|   0|0x0000000700c00000, 0x0000000700e00000, 0x0000000700e00000|100%| O|  |TAMS 0x0000000700c00000, 0x0000000700c00000| Untracked 
|   1|0x0000000700e00000, 0x0000000701000000, 0x0000000701000000|100%| O|  |TAMS 0x0000000700e00000, 0x0000000700e00000| Untracked 
|   2|0x0000000701000000, 0x00000007011c8e00, 0x0000000701200000| 89%| O|  |TAMS 0x0000000701000000, 0x0000000701000000| Untracked 
|   3|0x0000000701200000, 0x0000000701200000, 0x0000000701400000|  0%| F|  |TAMS 0x0000000701200000, 0x0000000701200000| Untracked 
|   4|0x0000000701400000, 0x0000000701400000, 0x0000000701600000|  0%| F|  |TAMS 0x0000000701400000, 0x0000000701400000| Untracked 
|   5|0x0000000701600000, 0x0000000701600000, 0x0000000701800000|  0%| F|  |TAMS 0x0000000701600000, 0x0000000701600000| Untracked 
|   6|0x0000000701800000, 0x0000000701800000, 0x0000000701a00000|  0%| F|  |TAMS 0x0000000701800000, 0x0000000701800000| Untracked 
|   7|0x0000000701a00000, 0x0000000701a00000, 0x0000000701c00000|  0%| F|  |TAMS 0x0000000701a00000, 0x0000000701a00000| Untracked 
|   8|0x0000000701c00000, 0x0000000701c00000, 0x0000000701e00000|  0%| F|  |TAMS 0x0000000701c00000, 0x0000000701c00000| Untracked 
|   9|0x0000000701e00000, 0x0000000701e00000, 0x0000000702000000|  0%| F|  |TAMS 0x0000000701e00000, 0x0000000701e00000| Untracked 
|  10|0x0000000702000000, 0x0000000702000000, 0x0000000702200000|  0%| F|  |TAMS 0x0000000702000000, 0x0000000702000000| Untracked 
|  11|0x0000000702200000, 0x0000000702200000, 0x0000000702400000|  0%| F|  |TAMS 0x0000000702200000, 0x0000000702200000| Untracked 
|  12|0x0000000702400000, 0x0000000702400000, 0x0000000702600000|  0%| F|  |TAMS 0x0000000702400000, 0x0000000702400000| Untracked 
|  13|0x0000000702600000, 0x0000000702600000, 0x0000000702800000|  0%| F|  |TAMS 0x0000000702600000, 0x0000000702600000| Untracked 
|  14|0x0000000702800000, 0x0000000702800000, 0x0000000702a00000|  0%| F|  |TAMS 0x0000000702800000, 0x0000000702800000| Untracked 
|  15|0x0000000702a00000, 0x0000000702a00000, 0x0000000702c00000|  0%| F|  |TAMS 0x0000000702a00000, 0x0000000702a00000| Untracked 
|  16|0x0000000702c00000, 0x0000000702c00000, 0x0000000702e00000|  0%| F|  |TAMS 0x0000000702c00000, 0x0000000702c00000| Untracked 
|  17|0x0000000702e00000, 0x0000000702e00000, 0x0000000703000000|  0%| F|  |TAMS 0x0000000702e00000, 0x0000000702e00000| Untracked 
|  18|0x0000000703000000, 0x0000000703000000, 0x0000000703200000|  0%| F|  |TAMS 0x0000000703000000, 0x0000000703000000| Untracked 
|  19|0x0000000703200000, 0x0000000703200000, 0x0000000703400000|  0%| F|  |TAMS 0x0000000703200000, 0x0000000703200000| Untracked 
|  20|0x0000000703400000, 0x0000000703400000, 0x0000000703600000|  0%| F|  |TAMS 0x0000000703400000, 0x0000000703400000| Untracked 
|  21|0x0000000703600000, 0x0000000703600000, 0x0000000703800000|  0%| F|  |TAMS 0x0000000703600000, 0x0000000703600000| Untracked 
|  22|0x0000000703800000, 0x0000000703800000, 0x0000000703a00000|  0%| F|  |TAMS 0x0000000703800000, 0x0000000703800000| Untracked 
|  23|0x0000000703a00000, 0x0000000703a00000, 0x0000000703c00000|  0%| F|  |TAMS 0x0000000703a00000, 0x0000000703a00000| Untracked 
|  24|0x0000000703c00000, 0x0000000703c00000, 0x0000000703e00000|  0%| F|  |TAMS 0x0000000703c00000, 0x0000000703c00000| Untracked 
|  25|0x0000000703e00000, 0x0000000703e00000, 0x0000000704000000|  0%| F|  |TAMS 0x0000000703e00000, 0x0000000703e00000| Untracked 
|  26|0x0000000704000000, 0x0000000704000000, 0x0000000704200000|  0%| F|  |TAMS 0x0000000704000000, 0x0000000704000000| Untracked 
|  27|0x0000000704200000, 0x0000000704200000, 0x0000000704400000|  0%| F|  |TAMS 0x0000000704200000, 0x0000000704200000| Untracked 
|  28|0x0000000704400000, 0x0000000704400000, 0x0000000704600000|  0%| F|  |TAMS 0x0000000704400000, 0x0000000704400000| Untracked 
|  29|0x0000000704600000, 0x0000000704600000, 0x0000000704800000|  0%| F|  |TAMS 0x0000000704600000, 0x0000000704600000| Untracked 
|  30|0x0000000704800000, 0x0000000704800000, 0x0000000704a00000|  0%| F|  |TAMS 0x0000000704800000, 0x0000000704800000| Untracked 
|  31|0x0000000704a00000, 0x0000000704a00000, 0x0000000704c00000|  0%| F|  |TAMS 0x0000000704a00000, 0x0000000704a00000| Untracked 
|  32|0x0000000704c00000, 0x0000000704c00000, 0x0000000704e00000|  0%| F|  |TAMS 0x0000000704c00000, 0x0000000704c00000| Untracked 
|  33|0x0000000704e00000, 0x0000000704e00000, 0x0000000705000000|  0%| F|  |TAMS 0x0000000704e00000, 0x0000000704e00000| Untracked 
|  34|0x0000000705000000, 0x0000000705000000, 0x0000000705200000|  0%| F|  |TAMS 0x0000000705000000, 0x0000000705000000| Untracked 
|  35|0x0000000705200000, 0x0000000705200000, 0x0000000705400000|  0%| F|  |TAMS 0x0000000705200000, 0x0000000705200000| Untracked 
|  36|0x0000000705400000, 0x0000000705400000, 0x0000000705600000|  0%| F|  |TAMS 0x0000000705400000, 0x0000000705400000| Untracked 
|  37|0x0000000705600000, 0x0000000705600000, 0x0000000705800000|  0%| F|  |TAMS 0x0000000705600000, 0x0000000705600000| Untracked 
|  38|0x0000000705800000, 0x0000000705800000, 0x0000000705a00000|  0%| F|  |TAMS 0x0000000705800000, 0x0000000705800000| Untracked 
|  39|0x0000000705a00000, 0x0000000705a00000, 0x0000000705c00000|  0%| F|  |TAMS 0x0000000705a00000, 0x0000000705a00000| Untracked 
|  40|0x0000000705c00000, 0x0000000705c00000, 0x0000000705e00000|  0%| F|  |TAMS 0x0000000705c00000, 0x0000000705c00000| Untracked 
|  41|0x0000000705e00000, 0x0000000705e00000, 0x0000000706000000|  0%| F|  |TAMS 0x0000000705e00000, 0x0000000705e00000| Untracked 
|  42|0x0000000706000000, 0x0000000706000000, 0x0000000706200000|  0%| F|  |TAMS 0x0000000706000000, 0x0000000706000000| Untracked 
|  43|0x0000000706200000, 0x0000000706200000, 0x0000000706400000|  0%| F|  |TAMS 0x0000000706200000, 0x0000000706200000| Untracked 
|  44|0x0000000706400000, 0x0000000706400000, 0x0000000706600000|  0%| F|  |TAMS 0x0000000706400000, 0x0000000706400000| Untracked 
|  45|0x0000000706600000, 0x0000000706600000, 0x0000000706800000|  0%| F|  |TAMS 0x0000000706600000, 0x0000000706600000| Untracked 
|  46|0x0000000706800000, 0x0000000706800000, 0x0000000706a00000|  0%| F|  |TAMS 0x0000000706800000, 0x0000000706800000| Untracked 
|  47|0x0000000706a00000, 0x0000000706a00000, 0x0000000706c00000|  0%| F|  |TAMS 0x0000000706a00000, 0x0000000706a00000| Untracked 
|  48|0x0000000706c00000, 0x0000000706c00000, 0x0000000706e00000|  0%| F|  |TAMS 0x0000000706c00000, 0x0000000706c00000| Untracked 
|  49|0x0000000706e00000, 0x0000000706e00000, 0x0000000707000000|  0%| F|  |TAMS 0x0000000706e00000, 0x0000000706e00000| Untracked 
|  50|0x0000000707000000, 0x0000000707000000, 0x0000000707200000|  0%| F|  |TAMS 0x0000000707000000, 0x0000000707000000| Untracked 
|  51|0x0000000707200000, 0x0000000707200000, 0x0000000707400000|  0%| F|  |TAMS 0x0000000707200000, 0x0000000707200000| Untracked 
|  52|0x0000000707400000, 0x0000000707400000, 0x0000000707600000|  0%| F|  |TAMS 0x0000000707400000, 0x0000000707400000| Untracked 
|  53|0x0000000707600000, 0x0000000707600000, 0x0000000707800000|  0%| F|  |TAMS 0x0000000707600000, 0x0000000707600000| Untracked 
|  54|0x0000000707800000, 0x0000000707800000, 0x0000000707a00000|  0%| F|  |TAMS 0x0000000707800000, 0x0000000707800000| Untracked 
|  55|0x0000000707a00000, 0x0000000707a00000, 0x0000000707c00000|  0%| F|  |TAMS 0x0000000707a00000, 0x0000000707a00000| Untracked 
|  56|0x0000000707c00000, 0x0000000707c00000, 0x0000000707e00000|  0%| F|  |TAMS 0x0000000707c00000, 0x0000000707c00000| Untracked 
|  57|0x0000000707e00000, 0x0000000707e00000, 0x0000000708000000|  0%| F|  |TAMS 0x0000000707e00000, 0x0000000707e00000| Untracked 
|  58|0x0000000708000000, 0x0000000708000000, 0x0000000708200000|  0%| F|  |TAMS 0x0000000708000000, 0x0000000708000000| Untracked 
|  59|0x0000000708200000, 0x0000000708200000, 0x0000000708400000|  0%| F|  |TAMS 0x0000000708200000, 0x0000000708200000| Untracked 
|  60|0x0000000708400000, 0x0000000708400000, 0x0000000708600000|  0%| F|  |TAMS 0x0000000708400000, 0x0000000708400000| Untracked 
|  61|0x0000000708600000, 0x0000000708600000, 0x0000000708800000|  0%| F|  |TAMS 0x0000000708600000, 0x0000000708600000| Untracked 
|  62|0x0000000708800000, 0x0000000708800000, 0x0000000708a00000|  0%| F|  |TAMS 0x0000000708800000, 0x0000000708800000| Untracked 
|  63|0x0000000708a00000, 0x0000000708a00000, 0x0000000708c00000|  0%| F|  |TAMS 0x0000000708a00000, 0x0000000708a00000| Untracked 
|  64|0x0000000708c00000, 0x0000000708c00000, 0x0000000708e00000|  0%| F|  |TAMS 0x0000000708c00000, 0x0000000708c00000| Untracked 
|  65|0x0000000708e00000, 0x0000000708e00000, 0x0000000709000000|  0%| F|  |TAMS 0x0000000708e00000, 0x0000000708e00000| Untracked 
|  66|0x0000000709000000, 0x0000000709000000, 0x0000000709200000|  0%| F|  |TAMS 0x0000000709000000, 0x0000000709000000| Untracked 
|  67|0x0000000709200000, 0x0000000709200000, 0x0000000709400000|  0%| F|  |TAMS 0x0000000709200000, 0x0000000709200000| Untracked 
|  68|0x0000000709400000, 0x0000000709400000, 0x0000000709600000|  0%| F|  |TAMS 0x0000000709400000, 0x0000000709400000| Untracked 
|  69|0x0000000709600000, 0x0000000709600000, 0x0000000709800000|  0%| F|  |TAMS 0x0000000709600000, 0x0000000709600000| Untracked 
|  70|0x0000000709800000, 0x0000000709800000, 0x0000000709a00000|  0%| F|  |TAMS 0x0000000709800000, 0x0000000709800000| Untracked 
|  71|0x0000000709a00000, 0x0000000709a00000, 0x0000000709c00000|  0%| F|  |TAMS 0x0000000709a00000, 0x0000000709a00000| Untracked 
|  72|0x0000000709c00000, 0x0000000709c00000, 0x0000000709e00000|  0%| F|  |TAMS 0x0000000709c00000, 0x0000000709c00000| Untracked 
|  73|0x0000000709e00000, 0x0000000709e00000, 0x000000070a000000|  0%| F|  |TAMS 0x0000000709e00000, 0x0000000709e00000| Untracked 
|  74|0x000000070a000000, 0x000000070a000000, 0x000000070a200000|  0%| F|  |TAMS 0x000000070a000000, 0x000000070a000000| Untracked 
|  75|0x000000070a200000, 0x000000070a200000, 0x000000070a400000|  0%| F|  |TAMS 0x000000070a200000, 0x000000070a200000| Untracked 
|  76|0x000000070a400000, 0x000000070a400000, 0x000000070a600000|  0%| F|  |TAMS 0x000000070a400000, 0x000000070a400000| Untracked 
|  77|0x000000070a600000, 0x000000070a600000, 0x000000070a800000|  0%| F|  |TAMS 0x000000070a600000, 0x000000070a600000| Untracked 
|  78|0x000000070a800000, 0x000000070a800000, 0x000000070aa00000|  0%| F|  |TAMS 0x000000070a800000, 0x000000070a800000| Untracked 
|  79|0x000000070aa00000, 0x000000070aa00000, 0x000000070ac00000|  0%| F|  |TAMS 0x000000070aa00000, 0x000000070aa00000| Untracked 
|  80|0x000000070ac00000, 0x000000070ac00000, 0x000000070ae00000|  0%| F|  |TAMS 0x000000070ac00000, 0x000000070ac00000| Untracked 
|  81|0x000000070ae00000, 0x000000070ae00000, 0x000000070b000000|  0%| F|  |TAMS 0x000000070ae00000, 0x000000070ae00000| Untracked 
|  82|0x000000070b000000, 0x000000070b000000, 0x000000070b200000|  0%| F|  |TAMS 0x000000070b000000, 0x000000070b000000| Untracked 
|  83|0x000000070b200000, 0x000000070b200000, 0x000000070b400000|  0%| F|  |TAMS 0x000000070b200000, 0x000000070b200000| Untracked 
|  84|0x000000070b400000, 0x000000070b400000, 0x000000070b600000|  0%| F|  |TAMS 0x000000070b400000, 0x000000070b400000| Untracked 
|  85|0x000000070b600000, 0x000000070b600000, 0x000000070b800000|  0%| F|  |TAMS 0x000000070b600000, 0x000000070b600000| Untracked 
|  86|0x000000070b800000, 0x000000070b800000, 0x000000070ba00000|  0%| F|  |TAMS 0x000000070b800000, 0x000000070b800000| Untracked 
|  87|0x000000070ba00000, 0x000000070ba00000, 0x000000070bc00000|  0%| F|  |TAMS 0x000000070ba00000, 0x000000070ba00000| Untracked 
|  88|0x000000070bc00000, 0x000000070bc00000, 0x000000070be00000|  0%| F|  |TAMS 0x000000070bc00000, 0x000000070bc00000| Untracked 
|  89|0x000000070be00000, 0x000000070be00000, 0x000000070c000000|  0%| F|  |TAMS 0x000000070be00000, 0x000000070be00000| Untracked 
|  90|0x000000070c000000, 0x000000070c000000, 0x000000070c200000|  0%| F|  |TAMS 0x000000070c000000, 0x000000070c000000| Untracked 
|  91|0x000000070c200000, 0x000000070c200000, 0x000000070c400000|  0%| F|  |TAMS 0x000000070c200000, 0x000000070c200000| Untracked 
|  92|0x000000070c400000, 0x000000070c400000, 0x000000070c600000|  0%| F|  |TAMS 0x000000070c400000, 0x000000070c400000| Untracked 
|  93|0x000000070c600000, 0x000000070c600000, 0x000000070c800000|  0%| F|  |TAMS 0x000000070c600000, 0x000000070c600000| Untracked 
|  94|0x000000070c800000, 0x000000070c800000, 0x000000070ca00000|  0%| F|  |TAMS 0x000000070c800000, 0x000000070c800000| Untracked 
|  95|0x000000070ca00000, 0x000000070ca00000, 0x000000070cc00000|  0%| F|  |TAMS 0x000000070ca00000, 0x000000070ca00000| Untracked 
|  96|0x000000070cc00000, 0x000000070cc00000, 0x000000070ce00000|  0%| F|  |TAMS 0x000000070cc00000, 0x000000070cc00000| Untracked 
|  97|0x000000070ce00000, 0x000000070ce00000, 0x000000070d000000|  0%| F|  |TAMS 0x000000070ce00000, 0x000000070ce00000| Untracked 
|  98|0x000000070d000000, 0x000000070d000000, 0x000000070d200000|  0%| F|  |TAMS 0x000000070d000000, 0x000000070d000000| Untracked 
|  99|0x000000070d200000, 0x000000070d200000, 0x000000070d400000|  0%| F|  |TAMS 0x000000070d200000, 0x000000070d200000| Untracked 
| 100|0x000000070d400000, 0x000000070d400000, 0x000000070d600000|  0%| F|  |TAMS 0x000000070d400000, 0x000000070d400000| Untracked 
| 101|0x000000070d600000, 0x000000070d600000, 0x000000070d800000|  0%| F|  |TAMS 0x000000070d600000, 0x000000070d600000| Untracked 
| 102|0x000000070d800000, 0x000000070d800000, 0x000000070da00000|  0%| F|  |TAMS 0x000000070d800000, 0x000000070d800000| Untracked 
| 103|0x000000070da00000, 0x000000070da00000, 0x000000070dc00000|  0%| F|  |TAMS 0x000000070da00000, 0x000000070da00000| Untracked 
| 104|0x000000070dc00000, 0x000000070dc00000, 0x000000070de00000|  0%| F|  |TAMS 0x000000070dc00000, 0x000000070dc00000| Untracked 
| 105|0x000000070de00000, 0x000000070de00000, 0x000000070e000000|  0%| F|  |TAMS 0x000000070de00000, 0x000000070de00000| Untracked 
| 106|0x000000070e000000, 0x000000070e000000, 0x000000070e200000|  0%| F|  |TAMS 0x000000070e000000, 0x000000070e000000| Untracked 
| 107|0x000000070e200000, 0x000000070e200000, 0x000000070e400000|  0%| F|  |TAMS 0x000000070e200000, 0x000000070e200000| Untracked 
| 108|0x000000070e400000, 0x000000070e400000, 0x000000070e600000|  0%| F|  |TAMS 0x000000070e400000, 0x000000070e400000| Untracked 
| 109|0x000000070e600000, 0x000000070e600000, 0x000000070e800000|  0%| F|  |TAMS 0x000000070e600000, 0x000000070e600000| Untracked 
| 110|0x000000070e800000, 0x000000070e800000, 0x000000070ea00000|  0%| F|  |TAMS 0x000000070e800000, 0x000000070e800000| Untracked 
| 111|0x000000070ea00000, 0x000000070ea00000, 0x000000070ec00000|  0%| F|  |TAMS 0x000000070ea00000, 0x000000070ea00000| Untracked 
| 112|0x000000070ec00000, 0x000000070ec00000, 0x000000070ee00000|  0%| F|  |TAMS 0x000000070ec00000, 0x000000070ec00000| Untracked 
| 113|0x000000070ee00000, 0x000000070ee00000, 0x000000070f000000|  0%| F|  |TAMS 0x000000070ee00000, 0x000000070ee00000| Untracked 
| 114|0x000000070f000000, 0x000000070f081c90, 0x000000070f200000| 25%| S|CS|TAMS 0x000000070f000000, 0x000000070f000000| Complete 
| 115|0x000000070f200000, 0x000000070f400000, 0x000000070f400000|100%| S|CS|TAMS 0x000000070f200000, 0x000000070f200000| Complete 
| 116|0x000000070f400000, 0x000000070f400000, 0x000000070f600000|  0%| F|  |TAMS 0x000000070f400000, 0x000000070f400000| Untracked 
| 117|0x000000070f600000, 0x000000070f600000, 0x000000070f800000|  0%| F|  |TAMS 0x000000070f600000, 0x000000070f600000| Untracked 
| 118|0x000000070f800000, 0x000000070f90de58, 0x000000070fa00000| 52%| E|  |TAMS 0x000000070f800000, 0x000000070f800000| Complete 
| 119|0x000000070fa00000, 0x000000070fc00000, 0x000000070fc00000|100%| E|CS|TAMS 0x000000070fa00000, 0x000000070fa00000| Complete 
| 120|0x000000070fc00000, 0x000000070fe00000, 0x000000070fe00000|100%| E|CS|TAMS 0x000000070fc00000, 0x000000070fc00000| Complete 
| 121|0x000000070fe00000, 0x0000000710000000, 0x0000000710000000|100%| E|CS|TAMS 0x000000070fe00000, 0x000000070fe00000| Complete 
| 122|0x0000000710000000, 0x0000000710200000, 0x0000000710200000|100%| E|CS|TAMS 0x0000000710000000, 0x0000000710000000| Complete 
| 123|0x0000000710200000, 0x0000000710400000, 0x0000000710400000|100%| E|CS|TAMS 0x0000000710200000, 0x0000000710200000| Complete 
| 124|0x0000000710400000, 0x0000000710600000, 0x0000000710600000|100%| E|CS|TAMS 0x0000000710400000, 0x0000000710400000| Complete 
| 125|0x0000000710600000, 0x0000000710800000, 0x0000000710800000|100%| E|CS|TAMS 0x0000000710600000, 0x0000000710600000| Complete 
| 126|0x0000000710800000, 0x0000000710a00000, 0x0000000710a00000|100%| E|CS|TAMS 0x0000000710800000, 0x0000000710800000| Complete 
| 127|0x0000000710a00000, 0x0000000710c00000, 0x0000000710c00000|100%| E|CS|TAMS 0x0000000710a00000, 0x0000000710a00000| Complete 

Card table byte_map: [0x0000017880800000,0x0000017881000000] _byte_map_base: 0x000001787cffa000

Marking Bits (Prev, Next): (CMBitMap*) 0x00000178e918a900, (CMBitMap*) 0x00000178e918a940
 Prev Bits: [0x0000017881800000, 0x00000178857d0000)
 Next Bits: [0x00000178857d0000, 0x00000178897a0000)

Polling page: 0x00000178e8910000

Metaspace:

Usage:
  Non-class:     13.25 MB used.
      Class:      1.97 MB used.
       Both:     15.22 MB used.

Virtual space:
  Non-class space:       16.00 MB reserved,      13.31 MB ( 83%) committed,  2 nodes.
      Class space:        1.00 GB reserved,       2.06 MB ( <1%) committed,  1 nodes.
             Both:        1.02 GB reserved,      15.38 MB (  1%) committed. 

Chunk freelists:
   Non-Class:  1.92 MB
       Class:  1.94 MB
        Both:  3.86 MB

MaxMetaspaceSize: unlimited
CompressedClassSpaceSize: 1.00 GB
Initial GC threshold: 21.00 MB
Current GC threshold: 21.00 MB
CDS: on
MetaspaceReclaimPolicy: balanced
 - commit_granule_bytes: 65536.
 - commit_granule_words: 8192.
 - virtual_space_node_default_size: 1048576.
 - enlarge_chunks_in_place: 1.
 - new_chunks_are_fully_committed: 0.
 - uncommit_free_chunks: 1.
 - use_allocation_guard: 0.
 - handle_deallocations: 1.


Internal statistics:

num_allocs_failed_limit: 0.
num_arena_births: 154.
num_arena_deaths: 0.
num_vsnodes_births: 3.
num_vsnodes_deaths: 0.
num_space_committed: 246.
num_space_uncommitted: 0.
num_chunks_returned_to_freelist: 0.
num_chunks_taken_from_freelist: 635.
num_chunk_merges: 0.
num_chunk_splits: 437.
num_chunks_enlarged: 356.
num_purges: 0.
num_inconsistent_stats: 0.

CodeHeap 'non-profiled nmethods': size=120000Kb used=899Kb max_used=899Kb free=119100Kb
 bounds [0x00000178f8460000, 0x00000178f86d0000, 0x00000178ff990000]
CodeHeap 'profiled nmethods': size=120000Kb used=4113Kb max_used=4113Kb free=115886Kb
 bounds [0x00000178f0f30000, 0x00000178f1340000, 0x00000178f8460000]
CodeHeap 'non-nmethods': size=5760Kb used=1171Kb max_used=1229Kb free=4588Kb
 bounds [0x00000178f0990000, 0x00000178f0c00000, 0x00000178f0f30000]
 total_blobs=2603 nmethods=2136 adapters=379
 compilation: enabled
              stopped_count=0, restarted_count=0
 full_count=0

Compilation events (20 events):
Event: 1.707 Thread 0x00000178ffe7ee60 nmethod 2125 0x00000178f1331b90 code [0x00000178f1331d20, 0x00000178f1331e78]
Event: 1.708 Thread 0x000001788c826820 2126       4       jdk.internal.loader.URLClassPath$JarLoader::findResource (18 bytes)
Event: 1.709 Thread 0x00000178ffe7ee60 2127       3       org.springframework.core.type.AnnotationMetadata$$Lambda$223/0x0000000800d95880::test (10 bytes)
Event: 1.709 Thread 0x00000178ffe7ee60 nmethod 2127 0x00000178f1331f10 code [0x00000178f13320e0, 0x00000178f1332658]
Event: 1.714 Thread 0x000001788c826820 nmethod 2126 0x00000178f8537190 code [0x00000178f85373c0, 0x00000178f8537a50]
Event: 1.714 Thread 0x00000178ffe7ee60 2128       1       java.util.Collections$EmptySet::size (2 bytes)
Event: 1.714 Thread 0x00000178ffe7ee60 nmethod 2128 0x00000178f8537e90 code [0x00000178f8538020, 0x00000178f85380f8]
Event: 1.714 Thread 0x00000178ffe7ee60 2129       3       org.springframework.core.type.classreading.SimpleMethodMetadataReadingVisitor::getSource (36 bytes)
Event: 1.715 Thread 0x00000178ffe7ee60 nmethod 2129 0x00000178f1332790 code [0x00000178f1332940, 0x00000178f1332d58]
Event: 1.715 Thread 0x000001788c826820 2130       4       jdk.internal.jimage.ImageLocation::verify (218 bytes)
Event: 1.716 Thread 0x00000178ffe7ee60 2131   !   3       java.security.AccessController::doPrivileged (22 bytes)
Event: 1.716 Thread 0x00000178ffe7ee60 nmethod 2131 0x00000178f1332e90 code [0x00000178f1333080, 0x00000178f1333528]
Event: 1.722 Thread 0x00000178ffe7ee60 2133       3       java.lang.Class::isEnum (27 bytes)
Event: 1.722 Thread 0x00000178ffe7ee60 nmethod 2133 0x00000178f1333790 code [0x00000178f1333940, 0x00000178f1333b48]
Event: 1.723 Thread 0x00000178ffe7ee60 2134       1       org.springframework.context.annotation.ConfigurationClassParser$SourceClass::getMetadata (5 bytes)
Event: 1.723 Thread 0x00000178ffe7ee60 nmethod 2134 0x00000178f8538190 code [0x00000178f8538320, 0x00000178f85383f8]
Event: 1.723 Thread 0x00000178ffe7ee60 2135       3       java.util.zip.ZipUtils::get16 (21 bytes)
Event: 1.723 Thread 0x00000178ffe7ee60 nmethod 2135 0x00000178f1333c10 code [0x00000178f1333da0, 0x00000178f1333ef8]
Event: 1.725 Thread 0x00000178ffe7ee60 2136       3       org.springframework.core.type.classreading.SimpleAnnotationMetadataReadingVisitor::toClassName (5 bytes)
Event: 1.725 Thread 0x00000178ffe7ee60 nmethod 2136 0x00000178f1334010 code [0x00000178f13341e0, 0x00000178f13344f8]

GC Heap History (6 events):
Event: 0.535 GC heap before
{Heap before GC invocations=0 (full 0):
 garbage-first heap   total 262144K, used 10240K [0x0000000700c00000, 0x0000000800000000)
  region size 2048K, 6 young (12288K), 0 survivors (0K)
 Metaspace       used 2677K, committed 2880K, reserved 1056768K
  class space    used 250K, committed 384K, reserved 1048576K
}
Event: 0.539 GC heap after
{Heap after GC invocations=1 (full 0):
 garbage-first heap   total 262144K, used 5852K [0x0000000700c00000, 0x0000000800000000)
  region size 2048K, 1 young (2048K), 1 survivors (2048K)
 Metaspace       used 2677K, committed 2880K, reserved 1056768K
  class space    used 250K, committed 384K, reserved 1048576K
}
Event: 0.857 GC heap before
{Heap before GC invocations=1 (full 0):
 garbage-first heap   total 262144K, used 16092K [0x0000000700c00000, 0x0000000800000000)
  region size 2048K, 6 young (12288K), 1 survivors (2048K)
 Metaspace       used 5817K, committed 5952K, reserved 1056768K
  class space    used 678K, committed 768K, reserved 1048576K
}
Event: 0.859 GC heap after
{Heap after GC invocations=2 (full 0):
 garbage-first heap   total 262144K, used 6937K [0x0000000700c00000, 0x0000000800000000)
  region size 2048K, 1 young (2048K), 1 survivors (2048K)
 Metaspace       used 5817K, committed 5952K, reserved 1056768K
  class space    used 678K, committed 768K, reserved 1048576K
}
Event: 1.290 GC heap before
{Heap before GC invocations=2 (full 0):
 garbage-first heap   total 262144K, used 29465K [0x0000000700c00000, 0x0000000800000000)
  region size 2048K, 12 young (24576K), 1 survivors (2048K)
 Metaspace       used 11627K, committed 11776K, reserved 1064960K
  class space    used 1483K, committed 1536K, reserved 1048576K
}
Event: 1.293 GC heap after
{Heap after GC invocations=3 (full 0):
 garbage-first heap   total 262144K, used 8490K [0x0000000700c00000, 0x0000000800000000)
  region size 2048K, 2 young (4096K), 2 survivors (4096K)
 Metaspace       used 11627K, committed 11776K, reserved 1064960K
  class space    used 1483K, committed 1536K, reserved 1048576K
}

Deoptimization events (20 events):
Event: 1.581 Thread 0x00000178e913b3d0 Uncommon trap: trap_request=0xffffff45 fr.pc=0x00000178f84e0cc4 relative=0x0000000000000fc4
Event: 1.581 Thread 0x00000178e913b3d0 Uncommon trap: reason=unstable_if action=reinterpret pc=0x00000178f84e0cc4 method=jdk.internal.org.objectweb.asm.SymbolTable.put(Ljdk/internal/org/objectweb/asm/SymbolTable$Entry;)Ljdk/internal/org/objectweb/asm/SymbolTable$Entry; @ 13 c2
Event: 1.581 Thread 0x00000178e913b3d0 DEOPT PACKING pc=0x00000178f84e0cc4 sp=0x0000001df13fce20
Event: 1.581 Thread 0x00000178e913b3d0 DEOPT UNPACKING pc=0x00000178f09e23a3 sp=0x0000001df13fcd78 mode 2
Event: 1.590 Thread 0x000001788d03f060 Uncommon trap: trap_request=0xffffffc6 fr.pc=0x00000178f84ccfac relative=0x0000000000000a8c
Event: 1.590 Thread 0x000001788d03f060 Uncommon trap: reason=bimorphic_or_optimized_type_check action=maybe_recompile pc=0x00000178f84ccfac method=java.util.HashMap.putVal(ILjava/lang/Object;Ljava/lang/Object;ZZ)Ljava/lang/Object; @ 91 c2
Event: 1.590 Thread 0x000001788d03f060 DEOPT PACKING pc=0x00000178f84ccfac sp=0x0000001df2cfea80
Event: 1.590 Thread 0x000001788d03f060 DEOPT UNPACKING pc=0x00000178f09e23a3 sp=0x0000001df2cfea20 mode 2
Event: 1.590 Thread 0x000001788d03f060 Uncommon trap: trap_request=0xffffffc6 fr.pc=0x00000178f84ccfac relative=0x0000000000000a8c
Event: 1.590 Thread 0x000001788d03f060 Uncommon trap: reason=bimorphic_or_optimized_type_check action=maybe_recompile pc=0x00000178f84ccfac method=java.util.HashMap.putVal(ILjava/lang/Object;Ljava/lang/Object;ZZ)Ljava/lang/Object; @ 91 c2
Event: 1.590 Thread 0x000001788d03f060 DEOPT PACKING pc=0x00000178f84ccfac sp=0x0000001df2cfea80
Event: 1.590 Thread 0x000001788d03f060 DEOPT UNPACKING pc=0x00000178f09e23a3 sp=0x0000001df2cfea20 mode 2
Event: 1.609 Thread 0x000001788d03f060 Uncommon trap: trap_request=0xffffffc6 fr.pc=0x00000178f84ccfac relative=0x0000000000000a8c
Event: 1.609 Thread 0x000001788d03f060 Uncommon trap: reason=bimorphic_or_optimized_type_check action=maybe_recompile pc=0x00000178f84ccfac method=java.util.HashMap.putVal(ILjava/lang/Object;Ljava/lang/Object;ZZ)Ljava/lang/Object; @ 91 c2
Event: 1.609 Thread 0x000001788d03f060 DEOPT PACKING pc=0x00000178f84ccfac sp=0x0000001df2cfeb40
Event: 1.609 Thread 0x000001788d03f060 DEOPT UNPACKING pc=0x00000178f09e23a3 sp=0x0000001df2cfeae0 mode 2
Event: 1.609 Thread 0x000001788d03f060 Uncommon trap: trap_request=0xffffffc6 fr.pc=0x00000178f84ccfac relative=0x0000000000000a8c
Event: 1.609 Thread 0x000001788d03f060 Uncommon trap: reason=bimorphic_or_optimized_type_check action=maybe_recompile pc=0x00000178f84ccfac method=java.util.HashMap.putVal(ILjava/lang/Object;Ljava/lang/Object;ZZ)Ljava/lang/Object; @ 91 c2
Event: 1.609 Thread 0x000001788d03f060 DEOPT PACKING pc=0x00000178f84ccfac sp=0x0000001df2cfeb40
Event: 1.609 Thread 0x000001788d03f060 DEOPT UNPACKING pc=0x00000178f09e23a3 sp=0x0000001df2cfeae0 mode 2

Classes unloaded (0 events):
No events

Classes redefined (0 events):
No events

Internal exceptions (20 events):
Event: 1.124 Thread 0x00000178e913b3d0 Exception <a 'java/lang/NoSuchMethodError'{0x000000071034a008}: 'void java.lang.invoke.DirectMethodHandle$Holder.invokeSpecial(java.lang.Object, java.lang.Object, java.lang.Object)'> (0x000000071034a008) 
thrown [t:\workspace\open\src\hotspot\share\interpreter\linkResolver.cpp, line 766]
Event: 1.226 Thread 0x00000178e913b3d0 Exception <a 'java/lang/NoSuchMethodError'{0x000000070f87b6c8}: 'org.slf4j.impl.StaticMDCBinder org.slf4j.impl.StaticMDCBinder.getSingleton()'> (0x000000070f87b6c8) 
thrown [t:\workspace\open\src\hotspot\share\interpreter\linkResolver.cpp, line 766]
Event: 1.385 Thread 0x00000178e913b3d0 Exception <a 'java/lang/ClassNotFoundException'{0x00000007109fe998}: java/lang/ObjectCustomizer> (0x00000007109fe998) 
thrown [t:\workspace\open\src\hotspot\share\classfile\systemDictionary.cpp, line 256]
Event: 1.388 Thread 0x00000178e913b3d0 Exception <a 'java/lang/IncompatibleClassChangeError'{0x00000007107042b8}: Found class java.lang.Object, but interface was expected> (0x00000007107042b8) 
thrown [t:\workspace\open\src\hotspot\share\interpreter\linkResolver.cpp, line 833]
Event: 1.393 Thread 0x00000178e913b3d0 Exception <a 'java/lang/ClassNotFoundException'{0x000000071071c8e0}: org/springframework/context/annotation/ConfigurationClassPostProcessorCustomizer> (0x000000071071c8e0) 
thrown [t:\workspace\open\src\hotspot\share\classfile\systemDictionary.cpp, line 256]
Event: 1.398 Thread 0x00000178e913b3d0 Exception <a 'java/lang/ClassNotFoundException'{0x000000071073aa98}: org/springframework/beans/factory/support/BeanDefinitionRegistryPostProcessorCustomizer> (0x000000071073aa98) 
thrown [t:\workspace\open\src\hotspot\share\classfile\systemDictionary.cpp, line 256]
Event: 1.398 Thread 0x00000178e913b3d0 Exception <a 'java/lang/ClassNotFoundException'{0x000000071073f208}: org/springframework/beans/factory/config/BeanFactoryPostProcessorCustomizer> (0x000000071073f208) 
thrown [t:\workspace\open\src\hotspot\share\classfile\systemDictionary.cpp, line 256]
Event: 1.398 Thread 0x00000178e913b3d0 Exception <a 'java/lang/ClassNotFoundException'{0x0000000710743810}: org/springframework/core/PriorityOrderedCustomizer> (0x0000000710743810) 
thrown [t:\workspace\open\src\hotspot\share\classfile\systemDictionary.cpp, line 256]
Event: 1.399 Thread 0x00000178e913b3d0 Exception <a 'java/lang/ClassNotFoundException'{0x0000000710746ab0}: org/springframework/core/OrderedCustomizer> (0x0000000710746ab0) 
thrown [t:\workspace\open\src\hotspot\share\classfile\systemDictionary.cpp, line 256]
Event: 1.399 Thread 0x00000178e913b3d0 Exception <a 'java/lang/ClassNotFoundException'{0x000000071074aef8}: org/springframework/context/ResourceLoaderAwareCustomizer> (0x000000071074aef8) 
thrown [t:\workspace\open\src\hotspot\share\classfile\systemDictionary.cpp, line 256]
Event: 1.399 Thread 0x00000178e913b3d0 Exception <a 'java/lang/ClassNotFoundException'{0x000000071074f4f8}: org/springframework/beans/factory/AwareCustomizer> (0x000000071074f4f8) 
thrown [t:\workspace\open\src\hotspot\share\classfile\systemDictionary.cpp, line 256]
Event: 1.400 Thread 0x00000178e913b3d0 Exception <a 'java/lang/ClassNotFoundException'{0x0000000710752a60}: org/springframework/context/ApplicationStartupAwareCustomizer> (0x0000000710752a60) 
thrown [t:\workspace\open\src\hotspot\share\classfile\systemDictionary.cpp, line 256]
Event: 1.400 Thread 0x00000178e913b3d0 Exception <a 'java/lang/ClassNotFoundException'{0x00000007107572e8}: org/springframework/beans/factory/AwareCustomizer> (0x00000007107572e8) 
thrown [t:\workspace\open\src\hotspot\share\classfile\systemDictionary.cpp, line 256]
Event: 1.400 Thread 0x00000178e913b3d0 Exception <a 'java/lang/ClassNotFoundException'{0x000000071075a888}: org/springframework/beans/factory/BeanClassLoaderAwareCustomizer> (0x000000071075a888) 
thrown [t:\workspace\open\src\hotspot\share\classfile\systemDictionary.cpp, line 256]
Event: 1.400 Thread 0x00000178e913b3d0 Exception <a 'java/lang/ClassNotFoundException'{0x000000071075ee70}: org/springframework/beans/factory/AwareCustomizer> (0x000000071075ee70) 
thrown [t:\workspace\open\src\hotspot\share\classfile\systemDictionary.cpp, line 256]
Event: 1.401 Thread 0x00000178e913b3d0 Exception <a 'java/lang/ClassNotFoundException'{0x00000007107621d0}: org/springframework/context/EnvironmentAwareCustomizer> (0x00000007107621d0) 
thrown [t:\workspace\open\src\hotspot\share\classfile\systemDictionary.cpp, line 256]
Event: 1.401 Thread 0x00000178e913b3d0 Exception <a 'java/lang/ClassNotFoundException'{0x0000000710766750}: org/springframework/beans/factory/AwareCustomizer> (0x0000000710766750) 
thrown [t:\workspace\open\src\hotspot\share\classfile\systemDictionary.cpp, line 256]
Event: 1.444 Thread 0x00000178e913b3d0 Exception <a 'java/lang/NoSuchMethodError'{0x00000007102541a8}: 'java.lang.Object java.lang.invoke.DirectMethodHandle$Holder.invokeVirtual(java.lang.Object, java.lang.Object, java.lang.Object)'> (0x00000007102541a8) 
thrown [t:\workspace\open\src\hotspot\share\interpreter\linkResolver.cpp, line 766]
Event: 1.653 Thread 0x000001788d03f060 Exception <a 'java/lang/NoSuchMethodError'{0x000000070fc3d5a0}: 'java.lang.Object java.lang.invoke.DirectMethodHandle$Holder.invokeStaticInit(java.lang.Object, java.lang.Object, java.lang.Object)'> (0x000000070fc3d5a0) 
thrown [t:\workspace\open\src\hotspot\share\interpreter\linkResolver.cpp, line 766]
Event: 1.654 Thread 0x000001788d03f060 Exception <a 'java/lang/NoSuchMethodError'{0x000000070fc43490}: 'java.lang.Object java.lang.invoke.DirectMethodHandle$Holder.invokeStaticInit(java.lang.Object, java.lang.Object, java.lang.Object, java.lang.Object, java.lang.Object)'> (0x000000070fc43490) 
thrown [t:\workspace\open\src\hotspot\share\interpreter\linkResolver.cpp, line 766]

VM Operations (20 events):
Event: 0.519 Executing VM operation: HandshakeAllThreads
Event: 0.519 Executing VM operation: HandshakeAllThreads done
Event: 0.534 Executing VM operation: G1CollectForAllocation
Event: 0.539 Executing VM operation: G1CollectForAllocation done
Event: 0.706 Executing VM operation: HandshakeAllThreads
Event: 0.706 Executing VM operation: HandshakeAllThreads done
Event: 0.857 Executing VM operation: G1CollectForAllocation
Event: 0.859 Executing VM operation: G1CollectForAllocation done
Event: 1.271 Executing VM operation: ICBufferFull
Event: 1.271 Executing VM operation: ICBufferFull done
Event: 1.280 Executing VM operation: HandshakeAllThreads
Event: 1.280 Executing VM operation: HandshakeAllThreads done
Event: 1.289 Executing VM operation: HandshakeAllThreads
Event: 1.289 Executing VM operation: HandshakeAllThreads done
Event: 1.290 Executing VM operation: G1CollectForAllocation
Event: 1.293 Executing VM operation: G1CollectForAllocation done
Event: 1.314 Executing VM operation: HandshakeAllThreads
Event: 1.314 Executing VM operation: HandshakeAllThreads done
Event: 1.423 Executing VM operation: HandshakeAllThreads
Event: 1.423 Executing VM operation: HandshakeAllThreads done

Events (20 events):
Event: 1.671 loading class jdk/xml/internal/JdkProperty$ImplPropMap
Event: 1.671 loading class jdk/xml/internal/JdkProperty$ImplPropMap done
Event: 1.671 loading class jdk/xml/internal/JdkProperty$State
Event: 1.671 loading class jdk/xml/internal/JdkProperty$State done
Event: 1.671 loading class com/sun/org/apache/xalan/internal/utils/XMLSecurityPropertyManager
Event: 1.671 loading class com/sun/org/apache/xalan/internal/utils/FeaturePropertyBase
Event: 1.672 loading class com/sun/org/apache/xalan/internal/utils/FeaturePropertyBase done
Event: 1.672 loading class com/sun/org/apache/xalan/internal/utils/XMLSecurityPropertyManager done
Event: 1.672 loading class com/sun/org/apache/xalan/internal/utils/FeaturePropertyBase$State
Event: 1.672 loading class com/sun/org/apache/xalan/internal/utils/FeaturePropertyBase$State done
Event: 1.672 loading class com/sun/org/apache/xalan/internal/utils/XMLSecurityPropertyManager$Property
Event: 1.672 loading class com/sun/org/apache/xalan/internal/utils/XMLSecurityPropertyManager$Property done
Event: 1.672 loading class com/sun/org/apache/xalan/internal/utils/XMLSecurityManager
Event: 1.672 loading class com/sun/org/apache/xalan/internal/utils/XMLSecurityManager done
Event: 1.672 loading class com/sun/org/apache/xalan/internal/utils/XMLSecurityManager$Limit
Event: 1.672 loading class com/sun/org/apache/xalan/internal/utils/XMLSecurityManager$Limit done
Event: 1.672 loading class com/sun/org/apache/xalan/internal/utils/XMLSecurityManager$NameMap
Event: 1.672 loading class com/sun/org/apache/xalan/internal/utils/XMLSecurityManager$NameMap done
Event: 1.672 loading class jdk/xml/internal/JdkProperty
Event: 1.673 loading class jdk/xml/internal/JdkProperty done


Dynamic libraries:
0x00007ff6b7720000 - 0x00007ff6b7730000 	C:\Program Files\Java\jdk-17.0.2\bin\java.exe
0x00007ffb4daf0000 - 0x00007ffb4dce7000 	C:\WINDOWS\SYSTEM32\ntdll.dll
0x00007ffb4ca70000 - 0x00007ffb4cb2d000 	C:\WINDOWS\System32\KERNEL32.DLL
0x00007ffb4b550000 - 0x00007ffb4b81d000 	C:\WINDOWS\System32\KERNELBASE.dll
0x00007ffb4b240000 - 0x00007ffb4b340000 	C:\WINDOWS\System32\ucrtbase.dll
0x00007ffb46ba0000 - 0x00007ffb46bb8000 	C:\Program Files\Java\jdk-17.0.2\bin\jli.dll
0x00007ffb4bfe0000 - 0x00007ffb4c08e000 	C:\WINDOWS\System32\ADVAPI32.dll
0x00007ffb450c0000 - 0x00007ffb450da000 	C:\Program Files\Java\jdk-17.0.2\bin\VCRUNTIME140.dll
0x00007ffb4cf00000 - 0x00007ffb4cf9e000 	C:\WINDOWS\System32\msvcrt.dll
0x00007ffb4ccc0000 - 0x00007ffb4cd5c000 	C:\WINDOWS\System32\sechost.dll
0x00007ffb4d160000 - 0x00007ffb4d285000 	C:\WINDOWS\System32\RPCRT4.dll
0x00007ffb4cd60000 - 0x00007ffb4cf00000 	C:\WINDOWS\System32\USER32.dll
0x00007ffb4b210000 - 0x00007ffb4b232000 	C:\WINDOWS\System32\win32u.dll
0x00007ffb4d970000 - 0x00007ffb4d99a000 	C:\WINDOWS\System32\GDI32.dll
0x00007ffb4b910000 - 0x00007ffb4ba1b000 	C:\WINDOWS\System32\gdi32full.dll
0x00007ffb4b820000 - 0x00007ffb4b8bd000 	C:\WINDOWS\System32\msvcp_win.dll
0x00007ffb39320000 - 0x00007ffb395ba000 	C:\WINDOWS\WinSxS\amd64_microsoft.windows.common-controls_6595b64144ccf1df_6.0.19041.1110_none_60b5254171f9507e\COMCTL32.dll
0x00007ffb41ff0000 - 0x00007ffb41ffa000 	C:\WINDOWS\SYSTEM32\VERSION.dll
0x00007ffb4d940000 - 0x00007ffb4d970000 	C:\WINDOWS\System32\IMM32.DLL
0x00007ffb47060000 - 0x00007ffb4706c000 	C:\Program Files\Java\jdk-17.0.2\bin\vcruntime140_1.dll
0x00007ffb29690000 - 0x00007ffb2971d000 	C:\Program Files\Java\jdk-17.0.2\bin\msvcp140.dll
0x00007ffb20e70000 - 0x00007ffb21a31000 	C:\Program Files\Java\jdk-17.0.2\bin\server\jvm.dll
0x00007ffb4c100000 - 0x00007ffb4c108000 	C:\WINDOWS\System32\PSAPI.DLL
0x00007ffb36460000 - 0x00007ffb36469000 	C:\WINDOWS\SYSTEM32\WSOCK32.dll
0x00007ffb4cb30000 - 0x00007ffb4cb9b000 	C:\WINDOWS\System32\WS2_32.dll
0x00007ffb40c70000 - 0x00007ffb40c97000 	C:\WINDOWS\SYSTEM32\WINMM.dll
0x00007ffb49110000 - 0x00007ffb49122000 	C:\WINDOWS\SYSTEM32\kernel.appcore.dll
0x00007ffb47010000 - 0x00007ffb4701a000 	C:\Program Files\Java\jdk-17.0.2\bin\jimage.dll
0x00007ffb43850000 - 0x00007ffb43a34000 	C:\WINDOWS\SYSTEM32\DBGHELP.DLL
0x00007ffb348a0000 - 0x00007ffb348cc000 	C:\WINDOWS\SYSTEM32\dbgcore.DLL
0x00007ffb4bac0000 - 0x00007ffb4bb42000 	C:\WINDOWS\System32\bcryptPrimitives.dll
0x00007ffb463e0000 - 0x00007ffb463ee000 	C:\Program Files\Java\jdk-17.0.2\bin\instrument.dll
0x00007ffb44b60000 - 0x00007ffb44b85000 	C:\Program Files\Java\jdk-17.0.2\bin\java.dll
0x00007ffb29370000 - 0x00007ffb29446000 	C:\Program Files\Java\jdk-17.0.2\bin\jsvml.dll
0x00007ffb4c320000 - 0x00007ffb4ca64000 	C:\WINDOWS\System32\SHELL32.dll
0x00007ffb49310000 - 0x00007ffb49aa4000 	C:\WINDOWS\SYSTEM32\windows.storage.dll
0x00007ffb4bb50000 - 0x00007ffb4bea4000 	C:\WINDOWS\System32\combase.dll
0x00007ffb4ac70000 - 0x00007ffb4ac9c000 	C:\WINDOWS\SYSTEM32\Wldp.dll
0x00007ffb4da00000 - 0x00007ffb4daad000 	C:\WINDOWS\System32\SHCORE.dll
0x00007ffb4d9a0000 - 0x00007ffb4d9f5000 	C:\WINDOWS\System32\shlwapi.dll
0x00007ffb4b150000 - 0x00007ffb4b16f000 	C:\WINDOWS\SYSTEM32\profapi.dll
0x00007ffb427b0000 - 0x00007ffb427c8000 	C:\Program Files\Java\jdk-17.0.2\bin\zip.dll
0x00007ffb42a60000 - 0x00007ffb42a79000 	C:\Program Files\Java\jdk-17.0.2\bin\net.dll
0x00007ffb3c100000 - 0x00007ffb3c20a000 	C:\WINDOWS\SYSTEM32\WINHTTP.dll
0x00007ffb4a9d0000 - 0x00007ffb4aa3a000 	C:\WINDOWS\system32\mswsock.dll
0x00007ffb42800000 - 0x00007ffb42816000 	C:\Program Files\Java\jdk-17.0.2\bin\nio.dll
0x00007ffb40f80000 - 0x00007ffb40f9a000 	C:\Program Files\JetBrains\IntelliJ IDEA Community Edition 2021.2.1\bin\breakgen64.dll
0x00007ffb455c0000 - 0x00007ffb455d0000 	C:\Program Files\Java\jdk-17.0.2\bin\verify.dll
0x00007ffb450b0000 - 0x00007ffb450b9000 	C:\Program Files\Java\jdk-17.0.2\bin\management.dll
0x00007ffb45010000 - 0x00007ffb4501b000 	C:\Program Files\Java\jdk-17.0.2\bin\management_ext.dll
0x00007ffb31480000 - 0x00007ffb31497000 	C:\WINDOWS\system32\napinsp.dll
0x00007ffb31460000 - 0x00007ffb3147b000 	C:\WINDOWS\system32\pnrpnsp.dll
0x00007ffb31440000 - 0x00007ffb31455000 	C:\WINDOWS\system32\wshbth.dll
0x00007ffb46f30000 - 0x00007ffb46f4d000 	C:\WINDOWS\system32\NLAapi.dll
0x00007ffb4a670000 - 0x00007ffb4a6ab000 	C:\WINDOWS\SYSTEM32\IPHLPAPI.DLL
0x00007ffb4a6b0000 - 0x00007ffb4a77b000 	C:\WINDOWS\SYSTEM32\DNSAPI.dll
0x00007ffb4c0f0000 - 0x00007ffb4c0f8000 	C:\WINDOWS\System32\NSI.dll
0x00007ffb31420000 - 0x00007ffb31432000 	C:\WINDOWS\System32\winrnr.dll
0x00000000516f0000 - 0x0000000051716000 	C:\Program Files\Bonjour\mdnsNSP.dll
0x00007ffb3bfe0000 - 0x00007ffb3bfea000 	C:\Windows\System32\rasadhlp.dll
0x00007ffb3be30000 - 0x00007ffb3beb0000 	C:\WINDOWS\System32\fwpuclnt.dll
0x00007ffb4ba90000 - 0x00007ffb4bab7000 	C:\WINDOWS\System32\bcrypt.dll

dbghelp: loaded successfully - version: 4.0.5 - missing functions: none
symbol engine: initialized successfully - sym options: 0x614 - pdb path: .;C:\Program Files\Java\jdk-17.0.2\bin;C:\WINDOWS\SYSTEM32;C:\WINDOWS\WinSxS\amd64_microsoft.windows.common-controls_6595b64144ccf1df_6.0.19041.1110_none_60b5254171f9507e;C:\Program Files\Java\jdk-17.0.2\bin\server;C:\Program Files\JetBrains\IntelliJ IDEA Community Edition 2021.2.1\bin;C:\Program Files\Bonjour

VM Arguments:
jvm_args: -javaagent:C:\Program Files\JetBrains\IntelliJ IDEA Community Edition 2021.2.1\lib\idea_rt.jar=52921:C:\Program Files\JetBrains\IntelliJ IDEA Community Edition 2021.2.1\bin -Dfile.encoding=UTF-8 
java_command: com.digitalbooking.demo.DemoApplication xms 1g
java_class_path (initial): D:\Javi\Proyecto Integrador\grupo-05\backend\demo\target\classes;C:\Users\quint\.m2\repository\org\springframework\boot\spring-boot-starter-data-jpa\2.6.7\spring-boot-starter-data-jpa-2.6.7.jar;C:\Users\quint\.m2\repository\org\springframework\boot\spring-boot-starter-aop\2.6.7\spring-boot-starter-aop-2.6.7.jar;C:\Users\quint\.m2\repository\org\aspectj\aspectjweaver\1.9.7\aspectjweaver-1.9.7.jar;C:\Users\quint\.m2\repository\org\springframework\boot\spring-boot-starter-jdbc\2.6.7\spring-boot-starter-jdbc-2.6.7.jar;C:\Users\quint\.m2\repository\com\zaxxer\HikariCP\4.0.3\HikariCP-4.0.3.jar;C:\Users\quint\.m2\repository\org\springframework\spring-jdbc\5.3.19\spring-jdbc-5.3.19.jar;C:\Users\quint\.m2\repository\jakarta\transaction\jakarta.transaction-api\1.3.3\jakarta.transaction-api-1.3.3.jar;C:\Users\quint\.m2\repository\jakarta\persistence\jakarta.persistence-api\2.2.3\jakarta.persistence-api-2.2.3.jar;C:\Users\quint\.m2\repository\org\hibernate\hibernate-core\5.6.8.Final\hibernate-core-5.6.8.Final.jar;C:\Users\quint\.m2\repository\org\jboss\logging\jboss-logging\3.4.3.Final\jboss-logging-3.4.3.Final.jar;C:\Users\quint\.m2\repository\net\bytebuddy\byte-buddy\1.11.22\byte-buddy-1.11.22.jar;C:\Users\quint\.m2\repository\antlr\antlr\2.7.7\antlr-2.7.7.jar;C:\Users\quint\.m2\repository\org\jboss\jandex\2.4.2.Final\jandex-2.4.2.Final.jar;C:\Users\quint\.m2\repository\com\fasterxml\classmate\1.5.1\classmate-1.5.1.jar;C:\Users\quint\.m2\repository\org\hibernate\common\hibernate-commons-annotations\5.1.2.Final\hibernate-commons-annotations-5.1.2.Final.jar;C:\Users\quint\.m2\repository\org\glassfish\jaxb\jaxb-runtime\2.3.6\jaxb-runtime-2.3.6.jar;C:\Users\quint\.m2\repository\org\glassfish\jaxb\txw2\2.3.6\txw2-2.3.6.jar;C:\Users\quint\.m2\repository\com\sun\istack\istack-commons-runtime\3.0.12\istack-commons-runtime-3.0.12.jar;C:\Users\quint\.m2\repository\org\springframework\data\spring-data-jpa\2.6.4\spring-data-jpa-2.6.4.jar;C:\Users\quint\.m2\re
Launcher Type: SUN_STANDARD

[Global flags]
     intx CICompilerCount                          = 3                                         {product} {ergonomic}
     uint ConcGCThreads                            = 1                                         {product} {ergonomic}
     uint G1ConcRefinementThreads                  = 4                                         {product} {ergonomic}
   size_t G1HeapRegionSize                         = 2097152                                   {product} {ergonomic}
    uintx GCDrainStackTargetSize                   = 64                                        {product} {ergonomic}
   size_t InitialHeapSize                          = 268435456                                 {product} {ergonomic}
   size_t MarkStackSize                            = 4194304                                   {product} {ergonomic}
   size_t MaxHeapSize                              = 4282384384                                {product} {ergonomic}
   size_t MaxNewSize                               = 2569011200                                {product} {ergonomic}
   size_t MinHeapDeltaBytes                        = 2097152                                   {product} {ergonomic}
   size_t MinHeapSize                              = 8388608                                   {product} {ergonomic}
    uintx NonNMethodCodeHeapSize                   = 5832780                                {pd product} {ergonomic}
    uintx NonProfiledCodeHeapSize                  = 122912730                              {pd product} {ergonomic}
    uintx ProfiledCodeHeapSize                     = 122912730                              {pd product} {ergonomic}
    uintx ReservedCodeCacheSize                    = 251658240                              {pd product} {ergonomic}
     bool SegmentedCodeCache                       = true                                      {product} {ergonomic}
   size_t SoftMaxHeapSize                          = 4282384384                             {manageable} {ergonomic}
     bool UseCompressedClassPointers               = true                           {product lp64_product} {ergonomic}
     bool UseCompressedOops                        = true                           {product lp64_product} {ergonomic}
     bool UseG1GC                                  = true                                      {product} {ergonomic}
     bool UseLargePagesIndividualAllocation        = false                                  {pd product} {ergonomic}

Logging:
Log output configuration:
 #0: stdout all=warning uptime,level,tags
 #1: stderr all=off uptime,level,tags

Environment Variables:
JAVA_HOME=C:\Program Files\Java\jdk1.8.0_261
PATH=C:\Program Files\Common Files\Oracle\Java\javapath;C:\Program Files (x86)\Common Files\Oracle\Java\javapath;C:\WINDOWS\system32;C:\WINDOWS;C:\WINDOWS\System32\Wbem;C:\WINDOWS\System32\WindowsPowerShell\v1.0\;C:\WINDOWS\System32\OpenSSH\;C:\Program Files\Git\cmd;C:\Program Files\nodejs\;C:\Program Files\PuTTY\;C:\HashiCorp\Vagrant\bin;C:\Users\quint\AppData\Local\Programs\Python\Python39\Scripts\;C:\Users\quint\AppData\Local\Programs\Python\Python39\;C:\Program Files\MySQL\MySQL Shell 8.0\bin\;D:\Development\Ruby27-x64\bin;C:\Users\quint\AppData\Local\Microsoft\WindowsApps;C:\Program Files\Bandizip\;D:\Development\Microsoft VS Code\bin;C:\Program Files\Java\jdk1.8.0_261\bin;C:\Users\quint\AppData\Roaming\npm
USERNAME=quint
OS=Windows_NT
PROCESSOR_IDENTIFIER=Intel64 Family 6 Model 94 Stepping 3, GenuineIntel



---------------  S Y S T E M  ---------------

OS:
 Windows 10 , 64 bit Build 19041 (10.0.19041.1741)
OS uptime: 1 days 15:42 hours

CPU: total 4 (initial active 4) (4 cores per cpu, 1 threads per core) family 6 model 94 stepping 3 microcode 0xcc, cx8, cmov, fxsr, mmx, 3dnowpref, sse, sse2, sse3, ssse3, sse4.1, sse4.2, popcnt, lzcnt, tsc, tscinvbit, avx, avx2, aes, erms, clmul, bmi1, bmi2, rtm, adx, fma, vzeroupper, clflush, clflushopt

Memory: 4k page, system-wide physical 16333M (5415M free)
TotalPageFile size 16333M (AvailPageFile size 4M)
current process WorkingSet (physical memory assigned to process): 114M, peak: 114M
current process commit charge ("private bytes"): 378M, peak: 379M

vm_info: Java HotSpot(TM) 64-Bit Server VM (17.0.2+8-LTS-86) for windows-amd64 JRE (17.0.2+8-LTS-86), built on Dec  7 2021 21:51:03 by "mach5one" with MS VC++ 16.8 / 16.9 (VS2019)

END.
